#
# There is insufficient memory for the Java Runtime Environment to continue.
# Native memory allocation (malloc) failed to allocate 1142608 bytes. Error detail: Chunk::new
# Possible reasons:
#   The system is out of physical RAM or swap space
#   This process is running with CompressedOops enabled, and the Java Heap may be blocking the growth of the native heap
# Possible solutions:
#   Reduce memory load on the system
#   Increase physical memory or swap space
#   Check if swap backing store is full
#   Decrease Java heap size (-Xmx/-Xms)
#   Decrease number of Java threads
#   Decrease Java thread stack sizes (-Xss)
#   Set larger code cache with -XX:ReservedCodeCacheSize=
#   JVM is running with Unscaled Compressed Oops mode in which the Java heap is
#     placed in the first 4GB address space. The Java Heap base address is the
#     maximum limit for the native heap growth. Please use -XX:HeapBaseMinAddress
#     to set the Java Heap base and to place the Java Heap above 4GB virtual address.
# This output file may be truncated or incomplete.
#
#  Out of Memory Error (arena.cpp:191), pid=14324, tid=11384
#
# JRE version: OpenJDK Runtime Environment (17.0.11) (build 17.0.11+0--11852314)
# Java VM: OpenJDK 64-Bit Server VM (17.0.11+0--11852314, mixed mode, tiered, compressed oops, compressed class ptrs, g1 gc, windows-amd64)
# No core dump will be written. Minidumps are not enabled by default on client versions of Windows
#

---------------  S U M M A R Y ------------

Command Line: --add-opens=java.base/java.util=ALL-UNNAMED --add-opens=java.base/java.lang=ALL-UNNAMED --add-opens=java.base/java.lang.invoke=ALL-UNNAMED --add-opens=java.prefs/java.util.prefs=ALL-UNNAMED --add-opens=java.base/java.nio.charset=ALL-UNNAMED --add-opens=java.base/java.net=ALL-UNNAMED --add-opens=java.base/java.util.concurrent.atomic=ALL-UNNAMED -Xmx2048m -Dfile.encoding=UTF-8 -Duser.country=ID -Duser.language=en -Duser.variant -javaagent:C:\Users\LENOVO\.gradle\wrapper\dists\gradle-8.7-bin\bhs2wmbdwecv87pi65oeuq5iu\gradle-8.7\lib\agents\gradle-instrumentation-agent-8.7.jar org.gradle.launcher.daemon.bootstrap.GradleDaemon 8.7

Host: AMD Ryzen 5 5625U with Radeon Graphics         , 12 cores, 5G,  Windows 11 , 64 bit Build 22621 (10.0.22621.3958)
Time: Mon Dec  9 05:54:32 2024 SE Asia Standard Time elapsed time: 4.865404 seconds (0d 0h 0m 4s)

---------------  T H R E A D  ---------------

Current thread (0x000002567e672f00):  JavaThread "C2 CompilerThread1" daemon [_thread_in_native, id=11384, stack(0x0000008fd3700000,0x0000008fd3800000)]


Current CompileTask:
C2:   4865 3019 %     4       jdk.internal.loader.URLClassPath::getResource @ 39 (74 bytes)

Stack: [0x0000008fd3700000,0x0000008fd3800000]
Native frames: (J=compiled Java code, j=interpreted, Vv=VM code, C=native code)
V  [jvm.dll+0x687bb9]
V  [jvm.dll+0x84142a]
V  [jvm.dll+0x8430ae]
V  [jvm.dll+0x843713]
V  [jvm.dll+0x24a35f]
V  [jvm.dll+0xac544]
V  [jvm.dll+0xacb8c]
V  [jvm.dll+0x369c37]
V  [jvm.dll+0x1be126]
V  [jvm.dll+0x21c029]
V  [jvm.dll+0x21b311]
V  [jvm.dll+0x1a63ed]
V  [jvm.dll+0x22b1ee]
V  [jvm.dll+0x229375]
V  [jvm.dll+0x7f5647]
V  [jvm.dll+0x7efa4a]
V  [jvm.dll+0x686a35]
C  [ucrtbase.dll+0x29333]
C  [KERNEL32.DLL+0x1257d]
C  [ntdll.dll+0x5af08]


---------------  P R O C E S S  ---------------

Threads class SMR info:
_java_thread_list=0x000002567e9fa170, length=34, elements={
0x000002565cecb010, 0x00000256772e3020, 0x00000256772e7eb0, 0x00000256771ad090,
0x0000025677303010, 0x00000256773055f0, 0x0000025677305fb0, 0x0000025677306d50,
0x0000025677312d10, 0x0000025677315720, 0x00000256774008d0, 0x0000025677618000,
0x000002567d731910, 0x000002567d0c7980, 0x000002567d751a80, 0x000002567e9079b0,
0x000002567d01e8f0, 0x000002567783a930, 0x000002567dd68020, 0x000002567dbc3b00,
0x000002567dbc4a30, 0x000002567dbc5450, 0x000002567dbc5e70, 0x000002567dbc4f40,
0x000002567dbc6380, 0x000002567dbc6890, 0x000002567dbc6da0, 0x000002567dbc72b0,
0x000002567dbc4010, 0x000002567dbc4520, 0x000002567dd8ab90, 0x000002567e672f00,
0x000002567dd85580, 0x000002567dcbd870
}

Java Threads: ( => current thread )
  0x000002565cecb010 JavaThread "main" [_thread_blocked, id=10972, stack(0x0000008fd0c00000,0x0000008fd0d00000)]
  0x00000256772e3020 JavaThread "Reference Handler" daemon [_thread_blocked, id=17508, stack(0x0000008fd1300000,0x0000008fd1400000)]
  0x00000256772e7eb0 JavaThread "Finalizer" daemon [_thread_blocked, id=33040, stack(0x0000008fd1400000,0x0000008fd1500000)]
  0x00000256771ad090 JavaThread "Signal Dispatcher" daemon [_thread_blocked, id=21460, stack(0x0000008fd1500000,0x0000008fd1600000)]
  0x0000025677303010 JavaThread "Attach Listener" daemon [_thread_blocked, id=11124, stack(0x0000008fd1600000,0x0000008fd1700000)]
  0x00000256773055f0 JavaThread "Service Thread" daemon [_thread_blocked, id=21864, stack(0x0000008fd1700000,0x0000008fd1800000)]
  0x0000025677305fb0 JavaThread "Monitor Deflation Thread" daemon [_thread_blocked, id=28772, stack(0x0000008fd1800000,0x0000008fd1900000)]
  0x0000025677306d50 JavaThread "C2 CompilerThread0" daemon [_thread_in_native, id=32824, stack(0x0000008fd1900000,0x0000008fd1a00000)]
  0x0000025677312d10 JavaThread "C1 CompilerThread0" daemon [_thread_blocked, id=1388, stack(0x0000008fd1a00000,0x0000008fd1b00000)]
  0x0000025677315720 JavaThread "Sweeper thread" daemon [_thread_blocked, id=26252, stack(0x0000008fd1b00000,0x0000008fd1c00000)]
  0x00000256774008d0 JavaThread "Common-Cleaner" daemon [_thread_blocked, id=24136, stack(0x0000008fd1c00000,0x0000008fd1d00000)]
  0x0000025677618000 JavaThread "Notification Thread" daemon [_thread_blocked, id=22204, stack(0x0000008fd1d00000,0x0000008fd1e00000)]
  0x000002567d731910 JavaThread "Daemon health stats" [_thread_blocked, id=16656, stack(0x0000008fd2500000,0x0000008fd2600000)]
  0x000002567d0c7980 JavaThread "Incoming local TCP Connector on port 61385" [_thread_in_native, id=33428, stack(0x0000008fd1f00000,0x0000008fd2000000)]
  0x000002567d751a80 JavaThread "Daemon periodic checks" [_thread_blocked, id=4136, stack(0x0000008fd2000000,0x0000008fd2100000)]
  0x000002567e9079b0 JavaThread "Daemon" [_thread_blocked, id=3364, stack(0x0000008fd2600000,0x0000008fd2700000)]
  0x000002567d01e8f0 JavaThread "Handler for socket connection from /127.0.0.1:61385 to /127.0.0.1:61386" [_thread_in_native, id=5588, stack(0x0000008fd2700000,0x0000008fd2800000)]
  0x000002567783a930 JavaThread "Cancel handler" [_thread_blocked, id=30264, stack(0x0000008fd2800000,0x0000008fd2900000)]
  0x000002567dd68020 JavaThread "Daemon worker" [_thread_in_vm, id=9068, stack(0x0000008fd2900000,0x0000008fd2a00000)]
  0x000002567dbc3b00 JavaThread "Asynchronous log dispatcher for DefaultDaemonConnection: socket connection from /127.0.0.1:61385 to /127.0.0.1:61386" [_thread_blocked, id=9084, stack(0x0000008fd2a00000,0x0000008fd2b00000)]
  0x000002567dbc4a30 JavaThread "Stdin handler" [_thread_blocked, id=29892, stack(0x0000008fd2b00000,0x0000008fd2c00000)]
  0x000002567dbc5450 JavaThread "Daemon client event forwarder" [_thread_blocked, id=18308, stack(0x0000008fd2c00000,0x0000008fd2d00000)]
  0x000002567dbc5e70 JavaThread "Cache worker for journal cache (C:\Users\LENOVO\.gradle\caches\journal-1)" [_thread_blocked, id=6032, stack(0x0000008fd3400000,0x0000008fd3500000)]
  0x000002567dbc4f40 JavaThread "File lock request listener" [_thread_in_native, id=20996, stack(0x0000008fd3500000,0x0000008fd3600000)]
  0x000002567dbc6380 JavaThread "Cache worker for file hash cache (C:\Users\LENOVO\.gradle\caches\8.7\fileHashes)" [_thread_blocked, id=3724, stack(0x0000008fd3600000,0x0000008fd3700000)]
  0x000002567dbc6890 JavaThread "Cache worker for file hash cache (C:\Users\LENOVO\AndroidStudioProjects\tubes-pab\.gradle\8.7\fileHashes)" [_thread_blocked, id=18176, stack(0x0000008fd3800000,0x0000008fd3900000)]
  0x000002567dbc6da0 JavaThread "File watcher server" daemon [_thread_in_native, id=18892, stack(0x0000008fd3a00000,0x0000008fd3b00000)]
  0x000002567dbc72b0 JavaThread "File watcher consumer" daemon [_thread_blocked, id=26752, stack(0x0000008fd3b00000,0x0000008fd3c00000)]
  0x000002567dbc4010 JavaThread "Cache worker for checksums cache (C:\Users\LENOVO\AndroidStudioProjects\tubes-pab\.gradle\8.7\checksums)" [_thread_blocked, id=33296, stack(0x0000008fd3900000,0x0000008fd3a00000)]
  0x000002567dbc4520 JavaThread "Cache worker for cache directory md-supplier (C:\Users\LENOVO\.gradle\caches\8.7\md-supplier)" [_thread_blocked, id=33136, stack(0x0000008fd3c00000,0x0000008fd3d00000)]
  0x000002567dd8ab90 JavaThread "Cache worker for cache directory md-rule (C:\Users\LENOVO\.gradle\caches\8.7\md-rule)" [_thread_blocked, id=12692, stack(0x0000008fd3d00000,0x0000008fd3e00000)]
=>0x000002567e672f00 JavaThread "C2 CompilerThread1" daemon [_thread_in_native, id=11384, stack(0x0000008fd3700000,0x0000008fd3800000)]
  0x000002567dd85580 JavaThread "Cache worker for file content cache (C:\Users\LENOVO\.gradle\caches\8.7\fileContent)" [_thread_blocked, id=22500, stack(0x0000008fd3e00000,0x0000008fd3f00000)]
  0x000002567dcbd870 JavaThread "C2 CompilerThread2" daemon [_thread_in_native, id=10812, stack(0x0000008fd3f00000,0x0000008fd4000000)]

Other Threads:
  0x00000256771935b0 VMThread "VM Thread" [stack: 0x0000008fd1200000,0x0000008fd1300000] [id=4508]
  0x00000256776184e0 WatcherThread [stack: 0x0000008fd1e00000,0x0000008fd1f00000] [id=21432]
  0x000002565cf267a0 GCTaskThread "GC Thread#0" [stack: 0x0000008fd0d00000,0x0000008fd0e00000] [id=14940]
  0x000002567c489010 GCTaskThread "GC Thread#1" [stack: 0x0000008fd2100000,0x0000008fd2200000] [id=22864]
  0x000002567cbe5320 GCTaskThread "GC Thread#2" [stack: 0x0000008fd2200000,0x0000008fd2300000] [id=24336]
  0x000002567c6c3af0 GCTaskThread "GC Thread#3" [stack: 0x0000008fd2300000,0x0000008fd2400000] [id=33416]
  0x000002567cb3c5b0 GCTaskThread "GC Thread#4" [stack: 0x0000008fd2400000,0x0000008fd2500000] [id=21632]
  0x000002567cb3d0b0 GCTaskThread "GC Thread#5" [stack: 0x0000008fd2d00000,0x0000008fd2e00000] [id=18808]
  0x000002567cb3cb30 GCTaskThread "GC Thread#6" [stack: 0x0000008fd2e00000,0x0000008fd2f00000] [id=7756]
  0x000002567cb3dbb0 GCTaskThread "GC Thread#7" [stack: 0x0000008fd2f00000,0x0000008fd3000000] [id=1248]
  0x000002567cb3d630 GCTaskThread "GC Thread#8" [stack: 0x0000008fd3000000,0x0000008fd3100000] [id=29136]
  0x000002567cb3de70 GCTaskThread "GC Thread#9" [stack: 0x0000008fd3100000,0x0000008fd3200000] [id=2480]
  0x000002565cf39700 ConcurrentGCThread "G1 Main Marker" [stack: 0x0000008fd0e00000,0x0000008fd0f00000] [id=12856]
  0x000002565cf3a8c0 ConcurrentGCThread "G1 Conc#0" [stack: 0x0000008fd0f00000,0x0000008fd1000000] [id=33120]
  0x000002567cb3d8f0 ConcurrentGCThread "G1 Conc#1" [stack: 0x0000008fd3200000,0x0000008fd3300000] [id=3416]
  0x000002567cb3cdf0 ConcurrentGCThread "G1 Conc#2" [stack: 0x0000008fd3300000,0x0000008fd3400000] [id=24848]
  0x000002565cf7e7b0 ConcurrentGCThread "G1 Refine#0" [stack: 0x0000008fd1000000,0x0000008fd1100000] [id=10272]
  0x0000025676fee350 ConcurrentGCThread "G1 Service" [stack: 0x0000008fd1100000,0x0000008fd1200000] [id=29836]

Threads with active compile tasks:
C2 CompilerThread0     4895 3207       4       java.lang.StringLatin1::compareTo (14 bytes)
C1 CompilerThread0     4895 3205       3       java.util.StringJoiner::add (110 bytes)
C2 CompilerThread1     4895 3019 %     4       jdk.internal.loader.URLClassPath::getResource @ 39 (74 bytes)
C2 CompilerThread2     4895 3020  s!   4       jdk.internal.loader.URLClassPath::getLoader (194 bytes)

VM state: not at safepoint (normal execution)

VM Mutex/Monitor currently owned by a thread: None

Heap address: 0x0000000080000000, size: 2048 MB, Compressed Oops mode: 32-bit

CDS archive(s) not mapped
Compressed class space mapped at: 0x0000000100000000-0x0000000140000000, reserved size: 1073741824
Narrow klass base: 0x0000000000000000, Narrow klass shift: 3, Narrow klass range: 0x140000000

GC Precious Log:
 CPUs: 12 total, 12 available
 Memory: 5989M
 Large Page Support: Disabled
 NUMA Support: Disabled
 Compressed Oops: Enabled (32-bit)
 Heap Region Size: 1M
 Heap Min Capacity: 8M
 Heap Initial Capacity: 94M
 Heap Max Capacity: 2G
 Pre-touch: Disabled
 Parallel Workers: 10
 Concurrent Workers: 3
 Concurrent Refinement Workers: 10
 Periodic GC: Disabled

Heap:
 garbage-first heap   total 75776K, used 37374K [0x0000000080000000, 0x0000000100000000)
  region size 1024K, 18 young (18432K), 4 survivors (4096K)
 Metaspace       used 39418K, committed 39808K, reserved 1114112K
  class space    used 5264K, committed 5440K, reserved 1048576K

Heap Regions: E=young(eden), S=young(survivor), O=old, HS=humongous(starts), HC=humongous(continues), CS=collection set, F=free, OA=open archive, CA=closed archive, TAMS=top-at-mark-start (previous, next)
|   0|0x0000000080000000, 0x0000000080100000, 0x0000000080100000|100%|HS|  |TAMS 0x0000000080100000, 0x0000000080000000| Complete 
|   1|0x0000000080100000, 0x0000000080200000, 0x0000000080200000|100%|HC|  |TAMS 0x0000000080200000, 0x0000000080100000| Complete 
|   2|0x0000000080200000, 0x0000000080300000, 0x0000000080300000|100%|HC|  |TAMS 0x0000000080300000, 0x0000000080200000| Complete 
|   3|0x0000000080300000, 0x0000000080400000, 0x0000000080400000|100%|HC|  |TAMS 0x0000000080400000, 0x0000000080300000| Complete 
|   4|0x0000000080400000, 0x0000000080500000, 0x0000000080500000|100%| O|  |TAMS 0x0000000080500000, 0x0000000080400000| Untracked 
|   5|0x0000000080500000, 0x0000000080600000, 0x0000000080600000|100%| O|  |TAMS 0x0000000080600000, 0x0000000080500000| Untracked 
|   6|0x0000000080600000, 0x0000000080700000, 0x0000000080700000|100%| O|  |TAMS 0x0000000080700000, 0x0000000080600000| Untracked 
|   7|0x0000000080700000, 0x0000000080800000, 0x0000000080800000|100%| O|  |TAMS 0x0000000080800000, 0x0000000080700000| Untracked 
|   8|0x0000000080800000, 0x0000000080900000, 0x0000000080900000|100%| O|  |TAMS 0x0000000080900000, 0x0000000080800000| Untracked 
|   9|0x0000000080900000, 0x0000000080a00000, 0x0000000080a00000|100%| O|  |TAMS 0x0000000080a00000, 0x0000000080900000| Untracked 
|  10|0x0000000080a00000, 0x0000000080b00000, 0x0000000080b00000|100%| O|  |TAMS 0x0000000080b00000, 0x0000000080a00000| Untracked 
|  11|0x0000000080b00000, 0x0000000080c00000, 0x0000000080c00000|100%| O|  |TAMS 0x0000000080c00000, 0x0000000080b00000| Untracked 
|  12|0x0000000080c00000, 0x0000000080d00000, 0x0000000080d00000|100%| O|  |TAMS 0x0000000080d00000, 0x0000000080c00000| Untracked 
|  13|0x0000000080d00000, 0x0000000080e00000, 0x0000000080e00000|100%| O|  |TAMS 0x0000000080e00000, 0x0000000080d00000| Untracked 
|  14|0x0000000080e00000, 0x0000000080f00000, 0x0000000080f00000|100%| O|  |TAMS 0x0000000080f00000, 0x0000000080e00000| Untracked 
|  15|0x0000000080f00000, 0x0000000081000000, 0x0000000081000000|100%| O|  |TAMS 0x0000000081000000, 0x0000000080f00000| Untracked 
|  16|0x0000000081000000, 0x0000000081100000, 0x0000000081100000|100%| O|  |TAMS 0x0000000081100000, 0x0000000081000000| Untracked 
|  17|0x0000000081100000, 0x0000000081200000, 0x0000000081200000|100%| O|  |TAMS 0x0000000081200000, 0x0000000081100000| Untracked 
|  18|0x0000000081200000, 0x0000000081300000, 0x0000000081300000|100%| O|  |TAMS 0x0000000081300000, 0x0000000081200000| Untracked 
|  19|0x0000000081300000, 0x000000008132be00, 0x0000000081400000| 17%| O|  |TAMS 0x000000008132be00, 0x0000000081300000| Untracked 
|  20|0x0000000081400000, 0x0000000081500000, 0x0000000081500000|100%| O|  |TAMS 0x0000000081400000, 0x0000000081400000| Untracked 
|  21|0x0000000081500000, 0x0000000081600000, 0x0000000081600000|100%| O|  |TAMS 0x0000000081500000, 0x0000000081500000| Untracked 
|  22|0x0000000081600000, 0x0000000081642a00, 0x0000000081700000| 26%| O|  |TAMS 0x0000000081600000, 0x0000000081600000| Untracked 
|  23|0x0000000081700000, 0x0000000081700000, 0x0000000081800000|  0%| F|  |TAMS 0x0000000081700000, 0x0000000081700000| Untracked 
|  24|0x0000000081800000, 0x0000000081800000, 0x0000000081900000|  0%| F|  |TAMS 0x0000000081800000, 0x0000000081800000| Untracked 
|  25|0x0000000081900000, 0x0000000081900000, 0x0000000081a00000|  0%| F|  |TAMS 0x0000000081900000, 0x0000000081900000| Untracked 
|  26|0x0000000081a00000, 0x0000000081a00000, 0x0000000081b00000|  0%| F|  |TAMS 0x0000000081a00000, 0x0000000081a00000| Untracked 
|  27|0x0000000081b00000, 0x0000000081b00000, 0x0000000081c00000|  0%| F|  |TAMS 0x0000000081b00000, 0x0000000081b00000| Untracked 
|  28|0x0000000081c00000, 0x0000000081c00000, 0x0000000081d00000|  0%| F|  |TAMS 0x0000000081c00000, 0x0000000081c00000| Untracked 
|  29|0x0000000081d00000, 0x0000000081d00000, 0x0000000081e00000|  0%| F|  |TAMS 0x0000000081d00000, 0x0000000081d00000| Untracked 
|  30|0x0000000081e00000, 0x0000000081e00000, 0x0000000081f00000|  0%| F|  |TAMS 0x0000000081e00000, 0x0000000081e00000| Untracked 
|  31|0x0000000081f00000, 0x0000000081f00000, 0x0000000082000000|  0%| F|  |TAMS 0x0000000081f00000, 0x0000000081f00000| Untracked 
|  32|0x0000000082000000, 0x0000000082000000, 0x0000000082100000|  0%| F|  |TAMS 0x0000000082000000, 0x0000000082000000| Untracked 
|  33|0x0000000082100000, 0x0000000082100000, 0x0000000082200000|  0%| F|  |TAMS 0x0000000082100000, 0x0000000082100000| Untracked 
|  34|0x0000000082200000, 0x0000000082200000, 0x0000000082300000|  0%| F|  |TAMS 0x0000000082200000, 0x0000000082200000| Untracked 
|  35|0x0000000082300000, 0x0000000082300000, 0x0000000082400000|  0%| F|  |TAMS 0x0000000082300000, 0x0000000082300000| Untracked 
|  36|0x0000000082400000, 0x0000000082400000, 0x0000000082500000|  0%| F|  |TAMS 0x0000000082400000, 0x0000000082400000| Untracked 
|  37|0x0000000082500000, 0x0000000082500000, 0x0000000082600000|  0%| F|  |TAMS 0x0000000082500000, 0x0000000082500000| Untracked 
|  38|0x0000000082600000, 0x0000000082600000, 0x0000000082700000|  0%| F|  |TAMS 0x0000000082600000, 0x0000000082600000| Untracked 
|  39|0x0000000082700000, 0x0000000082700000, 0x0000000082800000|  0%| F|  |TAMS 0x0000000082700000, 0x0000000082700000| Untracked 
|  40|0x0000000082800000, 0x0000000082800000, 0x0000000082900000|  0%| F|  |TAMS 0x0000000082800000, 0x0000000082800000| Untracked 
|  41|0x0000000082900000, 0x0000000082900000, 0x0000000082a00000|  0%| F|  |TAMS 0x0000000082900000, 0x0000000082900000| Untracked 
|  42|0x0000000082a00000, 0x0000000082a00000, 0x0000000082b00000|  0%| F|  |TAMS 0x0000000082a00000, 0x0000000082a00000| Untracked 
|  43|0x0000000082b00000, 0x0000000082b111f0, 0x0000000082c00000|  6%| S|CS|TAMS 0x0000000082b00000, 0x0000000082b00000| Complete 
|  44|0x0000000082c00000, 0x0000000082d00000, 0x0000000082d00000|100%| S|CS|TAMS 0x0000000082c00000, 0x0000000082c00000| Complete 
|  45|0x0000000082d00000, 0x0000000082e00000, 0x0000000082e00000|100%| S|CS|TAMS 0x0000000082d00000, 0x0000000082d00000| Complete 
|  46|0x0000000082e00000, 0x0000000082f00000, 0x0000000082f00000|100%| S|CS|TAMS 0x0000000082e00000, 0x0000000082e00000| Complete 
|  47|0x0000000082f00000, 0x0000000082f00000, 0x0000000083000000|  0%| F|  |TAMS 0x0000000082f00000, 0x0000000082f00000| Untracked 
|  48|0x0000000083000000, 0x0000000083000000, 0x0000000083100000|  0%| F|  |TAMS 0x0000000083000000, 0x0000000083000000| Untracked 
|  49|0x0000000083100000, 0x0000000083100000, 0x0000000083200000|  0%| F|  |TAMS 0x0000000083100000, 0x0000000083100000| Untracked 
|  50|0x0000000083200000, 0x0000000083200000, 0x0000000083300000|  0%| F|  |TAMS 0x0000000083200000, 0x0000000083200000| Untracked 
|  51|0x0000000083300000, 0x0000000083300000, 0x0000000083400000|  0%| F|  |TAMS 0x0000000083300000, 0x0000000083300000| Untracked 
|  52|0x0000000083400000, 0x0000000083400000, 0x0000000083500000|  0%| F|  |TAMS 0x0000000083400000, 0x0000000083400000| Untracked 
|  53|0x0000000083500000, 0x0000000083500000, 0x0000000083600000|  0%| F|  |TAMS 0x0000000083500000, 0x0000000083500000| Untracked 
|  54|0x0000000083600000, 0x0000000083600000, 0x0000000083700000|  0%| F|  |TAMS 0x0000000083600000, 0x0000000083600000| Untracked 
|  55|0x0000000083700000, 0x0000000083700000, 0x0000000083800000|  0%| F|  |TAMS 0x0000000083700000, 0x0000000083700000| Untracked 
|  56|0x0000000083800000, 0x0000000083800000, 0x0000000083900000|  0%| F|  |TAMS 0x0000000083800000, 0x0000000083800000| Untracked 
|  57|0x0000000083900000, 0x0000000083900000, 0x0000000083a00000|  0%| F|  |TAMS 0x0000000083900000, 0x0000000083900000| Untracked 
|  58|0x0000000083a00000, 0x0000000083a00000, 0x0000000083b00000|  0%| F|  |TAMS 0x0000000083a00000, 0x0000000083a00000| Untracked 
|  59|0x0000000083b00000, 0x0000000083b00000, 0x0000000083c00000|  0%| F|  |TAMS 0x0000000083b00000, 0x0000000083b00000| Untracked 
|  60|0x0000000083c00000, 0x0000000083d00000, 0x0000000083d00000|100%| E|  |TAMS 0x0000000083c00000, 0x0000000083c00000| Complete 
|  61|0x0000000083d00000, 0x0000000083e00000, 0x0000000083e00000|100%| E|CS|TAMS 0x0000000083d00000, 0x0000000083d00000| Complete 
|  62|0x0000000083e00000, 0x0000000083f00000, 0x0000000083f00000|100%| E|CS|TAMS 0x0000000083e00000, 0x0000000083e00000| Complete 
|  63|0x0000000083f00000, 0x0000000084000000, 0x0000000084000000|100%| E|CS|TAMS 0x0000000083f00000, 0x0000000083f00000| Complete 
|  64|0x0000000084000000, 0x0000000084100000, 0x0000000084100000|100%| E|CS|TAMS 0x0000000084000000, 0x0000000084000000| Complete 
|  65|0x0000000084100000, 0x0000000084200000, 0x0000000084200000|100%| E|CS|TAMS 0x0000000084100000, 0x0000000084100000| Complete 
|  66|0x0000000084200000, 0x0000000084300000, 0x0000000084300000|100%| E|CS|TAMS 0x0000000084200000, 0x0000000084200000| Complete 
|  67|0x0000000084300000, 0x0000000084400000, 0x0000000084400000|100%| E|  |TAMS 0x0000000084300000, 0x0000000084300000| Complete 
|  68|0x0000000084400000, 0x0000000084500000, 0x0000000084500000|100%| E|CS|TAMS 0x0000000084400000, 0x0000000084400000| Complete 
|  69|0x0000000084500000, 0x0000000084600000, 0x0000000084600000|100%| E|CS|TAMS 0x0000000084500000, 0x0000000084500000| Complete 
|  70|0x0000000084600000, 0x0000000084700000, 0x0000000084700000|100%| E|CS|TAMS 0x0000000084600000, 0x0000000084600000| Complete 
|  71|0x0000000084700000, 0x0000000084800000, 0x0000000084800000|100%| E|CS|TAMS 0x0000000084700000, 0x0000000084700000| Complete 
|  87|0x0000000085700000, 0x0000000085800000, 0x0000000085800000|100%| E|CS|TAMS 0x0000000085700000, 0x0000000085700000| Complete 
|  93|0x0000000085d00000, 0x0000000085e00000, 0x0000000085e00000|100%| E|CS|TAMS 0x0000000085d00000, 0x0000000085d00000| Complete 

Card table byte_map: [0x000002566fd00000,0x0000025670100000] _byte_map_base: 0x000002566f900000

Marking Bits (Prev, Next): (CMBitMap*) 0x000002565cf26dc0, (CMBitMap*) 0x000002565cf26e00
 Prev Bits: [0x0000025670500000, 0x0000025672500000)
 Next Bits: [0x0000025672500000, 0x0000025674500000)

Polling page: 0x000002565ade0000

Metaspace:

Usage:
  Non-class:     33.37 MB used.
      Class:      5.14 MB used.
       Both:     38.52 MB used.

Virtual space:
  Non-class space:       64.00 MB reserved,      33.56 MB ( 52%) committed,  1 nodes.
      Class space:        1.00 GB reserved,       5.31 MB ( <1%) committed,  1 nodes.
             Both:        1.06 GB reserved,      38.88 MB (  4%) committed. 

Chunk freelists:
   Non-Class:  14.11 MB
       Class:  10.53 MB
        Both:  24.64 MB

MaxMetaspaceSize: unlimited
CompressedClassSpaceSize: 1.00 GB
Initial GC threshold: 21.00 MB
Current GC threshold: 58.75 MB
CDS: off
MetaspaceReclaimPolicy: balanced
 - commit_granule_bytes: 65536.
 - commit_granule_words: 8192.
 - virtual_space_node_default_size: 8388608.
 - enlarge_chunks_in_place: 1.
 - new_chunks_are_fully_committed: 0.
 - uncommit_free_chunks: 1.
 - use_allocation_guard: 0.
 - handle_deallocations: 1.


Internal statistics:

num_allocs_failed_limit: 6.
num_arena_births: 298.
num_arena_deaths: 0.
num_vsnodes_births: 2.
num_vsnodes_deaths: 0.
num_space_committed: 622.
num_space_uncommitted: 0.
num_chunks_returned_to_freelist: 6.
num_chunks_taken_from_freelist: 1422.
num_chunk_merges: 6.
num_chunk_splits: 927.
num_chunks_enlarged: 642.
num_inconsistent_stats: 0.

CodeHeap 'non-profiled nmethods': size=120000Kb used=1899Kb max_used=1899Kb free=118100Kb
 bounds [0x0000025667e70000, 0x00000256680e0000, 0x000002566f3a0000]
CodeHeap 'profiled nmethods': size=120000Kb used=6677Kb max_used=6677Kb free=113323Kb
 bounds [0x00000256603a0000, 0x0000025660a30000, 0x00000256678d0000]
CodeHeap 'non-nmethods': size=5760Kb used=1252Kb max_used=1292Kb free=4507Kb
 bounds [0x00000256678d0000, 0x0000025667b40000, 0x0000025667e70000]
 total_blobs=3765 nmethods=3203 adapters=474
 compilation: enabled
              stopped_count=0, restarted_count=0
 full_count=0

Compilation events (20 events):
Event: 4.831 Thread 0x0000025677312d10 3180       3       java.util.Spliterators$ArraySpliterator::forEachRemaining (68 bytes)
Event: 4.831 Thread 0x0000025677312d10 nmethod 3180 0x0000025660a1a690 code [0x0000025660a1a860, 0x0000025660a1acd8]
Event: 4.831 Thread 0x0000025677312d10 3181       3       org.codehaus.groovy.reflection.CachedClass$3$$Lambda$432/0x000000010051e270::apply (12 bytes)
Event: 4.831 Thread 0x0000025677312d10 nmethod 3181 0x0000025660a1ae90 code [0x0000025660a1b060, 0x0000025660a1b558]
Event: 4.831 Thread 0x0000025677312d10 3182       3       org.codehaus.groovy.reflection.CachedClass$3::lambda$initValue$2 (13 bytes)
Event: 4.832 Thread 0x0000025677312d10 nmethod 3182 0x0000025660a1b710 code [0x0000025660a1b8c0, 0x0000025660a1bc78]
Event: 4.832 Thread 0x0000025677312d10 3183       3       org.codehaus.groovy.reflection.CachedMethod::<init> (20 bytes)
Event: 4.832 Thread 0x0000025677312d10 nmethod 3183 0x0000025660a1be10 code [0x0000025660a1bfc0, 0x0000025660a1c298]
Event: 4.832 Thread 0x0000025677312d10 3184   !   3       org.codehaus.groovy.vmplugin.v8.Java8::checkCanSetAccessible (49 bytes)
Event: 4.832 Thread 0x0000025677312d10 nmethod 3184 0x0000025660a1c390 code [0x0000025660a1c580, 0x0000025660a1cbe8]
Event: 4.832 Thread 0x0000025677312d10 3187       3       org.codehaus.groovy.runtime.metaclass.ReflectionMetaMethod::<init> (18 bytes)
Event: 4.833 Thread 0x0000025677312d10 nmethod 3187 0x0000025660a1ce10 code [0x0000025660a1cfe0, 0x0000025660a1d548]
Event: 4.833 Thread 0x0000025677312d10 3186       3       org.codehaus.groovy.reflection.CachedMethod::getParamsCount (6 bytes)
Event: 4.833 Thread 0x0000025677312d10 nmethod 3186 0x0000025660a1d790 code [0x0000025660a1d940, 0x0000025660a1dba8]
Event: 4.833 Thread 0x0000025677312d10 3185       3       java.util.StringJoiner::<init> (63 bytes)
Event: 4.833 Thread 0x0000025677312d10 nmethod 3185 0x0000025660a1dc90 code [0x0000025660a1dee0, 0x0000025660a1e808]
Event: 4.833 Thread 0x0000025677312d10 3188       3       java.util.regex.Pattern$BitClass::is (22 bytes)
Event: 4.833 Thread 0x0000025677312d10 nmethod 3188 0x0000025660a1eb10 code [0x0000025660a1eca0, 0x0000025660a1ee78]
Event: 4.839 Thread 0x0000025677312d10 3189       3       java.lang.PublicMethods::toArray (76 bytes)
Event: 4.840 Thread 0x0000025677312d10 nmethod 3189 0x0000025660a1ef90 code [0x0000025660a1f1a0, 0x0000025660a1fa38]

GC Heap History (14 events):
Event: 0.975 GC heap before
{Heap before GC invocations=0 (full 0):
 garbage-first heap   total 96256K, used 26624K [0x0000000080000000, 0x0000000100000000)
  region size 1024K, 23 young (23552K), 0 survivors (0K)
 Metaspace       used 10437K, committed 10624K, reserved 1114112K
  class space    used 1079K, committed 1152K, reserved 1048576K
}
Event: 0.985 GC heap after
{Heap after GC invocations=1 (full 0):
 garbage-first heap   total 96256K, used 10320K [0x0000000080000000, 0x0000000100000000)
  region size 1024K, 3 young (3072K), 3 survivors (3072K)
 Metaspace       used 10437K, committed 10624K, reserved 1114112K
  class space    used 1079K, committed 1152K, reserved 1048576K
}
Event: 1.595 GC heap before
{Heap before GC invocations=1 (full 0):
 garbage-first heap   total 96256K, used 37968K [0x0000000080000000, 0x0000000100000000)
  region size 1024K, 30 young (30720K), 3 survivors (3072K)
 Metaspace       used 11472K, committed 11648K, reserved 1114112K
  class space    used 1198K, committed 1280K, reserved 1048576K
}
Event: 1.601 GC heap after
{Heap after GC invocations=2 (full 0):
 garbage-first heap   total 96256K, used 11480K [0x0000000080000000, 0x0000000100000000)
  region size 1024K, 1 young (1024K), 1 survivors (1024K)
 Metaspace       used 11472K, committed 11648K, reserved 1114112K
  class space    used 1198K, committed 1280K, reserved 1048576K
}
Event: 2.890 GC heap before
{Heap before GC invocations=2 (full 0):
 garbage-first heap   total 96256K, used 58584K [0x0000000080000000, 0x0000000100000000)
  region size 1024K, 46 young (47104K), 1 survivors (1024K)
 Metaspace       used 20106K, committed 20352K, reserved 1114112K
  class space    used 2334K, committed 2496K, reserved 1048576K
}
Event: 2.898 GC heap after
{Heap after GC invocations=3 (full 0):
 garbage-first heap   total 96256K, used 18925K [0x0000000080000000, 0x0000000100000000)
  region size 1024K, 6 young (6144K), 6 survivors (6144K)
 Metaspace       used 20106K, committed 20352K, reserved 1114112K
  class space    used 2334K, committed 2496K, reserved 1048576K
}
Event: 2.985 GC heap before
{Heap before GC invocations=3 (full 0):
 garbage-first heap   total 96256K, used 24045K [0x0000000080000000, 0x0000000100000000)
  region size 1024K, 12 young (12288K), 6 survivors (6144K)
 Metaspace       used 21261K, committed 21504K, reserved 1114112K
  class space    used 2489K, committed 2624K, reserved 1048576K
}
Event: 2.990 GC heap after
{Heap after GC invocations=4 (full 0):
 garbage-first heap   total 96256K, used 20144K [0x0000000080000000, 0x0000000100000000)
  region size 1024K, 1 young (1024K), 1 survivors (1024K)
 Metaspace       used 21261K, committed 21504K, reserved 1114112K
  class space    used 2489K, committed 2624K, reserved 1048576K
}
Event: 3.677 GC heap before
{Heap before GC invocations=5 (full 0):
 garbage-first heap   total 75776K, used 60080K [0x0000000080000000, 0x0000000100000000)
  region size 1024K, 42 young (43008K), 1 survivors (1024K)
 Metaspace       used 27621K, committed 27840K, reserved 1114112K
  class space    used 3563K, committed 3648K, reserved 1048576K
}
Event: 3.681 GC heap after
{Heap after GC invocations=6 (full 0):
 garbage-first heap   total 75776K, used 21981K [0x0000000080000000, 0x0000000100000000)
  region size 1024K, 3 young (3072K), 3 survivors (3072K)
 Metaspace       used 27621K, committed 27840K, reserved 1114112K
  class space    used 3563K, committed 3648K, reserved 1048576K
}
Event: 4.262 GC heap before
{Heap before GC invocations=6 (full 0):
 garbage-first heap   total 75776K, used 55773K [0x0000000080000000, 0x0000000100000000)
  region size 1024K, 36 young (36864K), 3 survivors (3072K)
 Metaspace       used 32043K, committed 32384K, reserved 1114112K
  class space    used 4312K, committed 4480K, reserved 1048576K
}
Event: 4.266 GC heap after
{Heap after GC invocations=7 (full 0):
 garbage-first heap   total 75776K, used 23836K [0x0000000080000000, 0x0000000100000000)
  region size 1024K, 5 young (5120K), 5 survivors (5120K)
 Metaspace       used 32043K, committed 32384K, reserved 1114112K
  class space    used 4312K, committed 4480K, reserved 1048576K
}
Event: 4.633 GC heap before
{Heap before GC invocations=7 (full 0):
 garbage-first heap   total 75776K, used 50460K [0x0000000080000000, 0x0000000100000000)
  region size 1024K, 32 young (32768K), 5 survivors (5120K)
 Metaspace       used 35672K, committed 35968K, reserved 1114112K
  class space    used 4860K, committed 4992K, reserved 1048576K
}
Event: 4.638 GC heap after
{Heap after GC invocations=8 (full 0):
 garbage-first heap   total 75776K, used 25086K [0x0000000080000000, 0x0000000100000000)
  region size 1024K, 4 young (4096K), 4 survivors (4096K)
 Metaspace       used 35672K, committed 35968K, reserved 1114112K
  class space    used 4860K, committed 4992K, reserved 1048576K
}

Dll operation events (3 events):
Event: 0.010 Loaded shared library C:\Program Files\Android\Android Studio\jbr\bin\java.dll
Event: 0.218 Loaded shared library C:\Program Files\Android\Android Studio\jbr\bin\zip.dll
Event: 0.647 Loaded shared library C:\Program Files\Android\Android Studio\jbr\bin\verify.dll

Deoptimization events (20 events):
Event: 4.564 Thread 0x000002567dd68020 Uncommon trap: trap_request=0xffffffc6 fr.pc=0x000002566800e508 relative=0x00000000000001c8
Event: 4.564 Thread 0x000002567dd68020 Uncommon trap: reason=bimorphic_or_optimized_type_check action=maybe_recompile pc=0x000002566800e508 method=java.util.regex.Pattern$BmpCharProperty.match(Ljava/util/regex/Matcher;ILjava/lang/CharSequence;)Z @ 19 c2
Event: 4.564 Thread 0x000002567dd68020 DEOPT PACKING pc=0x000002566800e508 sp=0x0000008fd29f8700
Event: 4.564 Thread 0x000002567dd68020 DEOPT UNPACKING pc=0x00000256679269a3 sp=0x0000008fd29f8698 mode 2
Event: 4.565 Thread 0x000002567dd68020 Uncommon trap: trap_request=0xffffffc6 fr.pc=0x000002566800e508 relative=0x00000000000001c8
Event: 4.565 Thread 0x000002567dd68020 Uncommon trap: reason=bimorphic_or_optimized_type_check action=maybe_recompile pc=0x000002566800e508 method=java.util.regex.Pattern$BmpCharProperty.match(Ljava/util/regex/Matcher;ILjava/lang/CharSequence;)Z @ 19 c2
Event: 4.565 Thread 0x000002567dd68020 DEOPT PACKING pc=0x000002566800e508 sp=0x0000008fd29f8700
Event: 4.565 Thread 0x000002567dd68020 DEOPT UNPACKING pc=0x00000256679269a3 sp=0x0000008fd29f8698 mode 2
Event: 4.797 Thread 0x000002567dd68020 DEOPT PACKING pc=0x0000025660705408 sp=0x0000008fd29f8be0
Event: 4.797 Thread 0x000002567dd68020 DEOPT UNPACKING pc=0x0000025667927143 sp=0x0000008fd29f80e8 mode 0
Event: 4.799 Thread 0x000002567dd68020 Uncommon trap: trap_request=0xffffffc6 fr.pc=0x000002566800e508 relative=0x00000000000001c8
Event: 4.799 Thread 0x000002567dd68020 Uncommon trap: reason=bimorphic_or_optimized_type_check action=maybe_recompile pc=0x000002566800e508 method=java.util.regex.Pattern$BmpCharProperty.match(Ljava/util/regex/Matcher;ILjava/lang/CharSequence;)Z @ 19 c2
Event: 4.799 Thread 0x000002567dd68020 DEOPT PACKING pc=0x000002566800e508 sp=0x0000008fd29f8cb0
Event: 4.799 Thread 0x000002567dd68020 DEOPT UNPACKING pc=0x00000256679269a3 sp=0x0000008fd29f8c48 mode 2
Event: 4.799 Thread 0x000002567dd68020 Uncommon trap: trap_request=0xffffffc6 fr.pc=0x000002566800e508 relative=0x00000000000001c8
Event: 4.799 Thread 0x000002567dd68020 Uncommon trap: reason=bimorphic_or_optimized_type_check action=maybe_recompile pc=0x000002566800e508 method=java.util.regex.Pattern$BmpCharProperty.match(Ljava/util/regex/Matcher;ILjava/lang/CharSequence;)Z @ 19 c2
Event: 4.799 Thread 0x000002567dd68020 DEOPT PACKING pc=0x000002566800e508 sp=0x0000008fd29f8cb0
Event: 4.799 Thread 0x000002567dd68020 DEOPT UNPACKING pc=0x00000256679269a3 sp=0x0000008fd29f8c48 mode 2
Event: 4.823 Thread 0x000002567dd68020 DEOPT PACKING pc=0x000002566046ff43 sp=0x0000008fd29f8560
Event: 4.823 Thread 0x000002567dd68020 DEOPT UNPACKING pc=0x0000025667927143 sp=0x0000008fd29f7a80 mode 0

Classes unloaded (0 events):
No events

Classes redefined (0 events):
No events

Internal exceptions (20 events):
Event: 3.915 Thread 0x000002567dd68020 Exception <a 'java/lang/NoSuchMethodError'{0x0000000083b90a88}: 'java.lang.Object java.lang.invoke.DirectMethodHandle$Holder.invokeStaticInit(java.lang.Object, java.lang.Object, java.lang.Object, java.lang.Object)'> (0x0000000083b90a88) 
thrown [s\src\hotspot\share\interpreter\linkResolver.cpp, line 771]
Event: 3.931 Thread 0x000002567dd68020 Exception <a 'java/lang/NoSuchMethodError'{0x0000000083a80968}: 'java.lang.Object java.lang.invoke.DirectMethodHandle$Holder.newInvokeSpecial(java.lang.Object, java.lang.Object, java.lang.Object, java.lang.Object, java.lang.Object, java.lang.Object, java.lang.Object, java.lang.Object)'> (0x0000000083a80968) 
thrown [s\src\hotspot\share\interpreter\linkResolver.cpp, line 771]
Event: 3.932 Thread 0x000002567dd68020 Exception <a 'java/lang/NoSuchMethodError'{0x0000000083a86370}: 'java.lang.Object java.lang.invoke.DirectMethodHandle$Holder.invokeSpecial(java.lang.Object, java.lang.Object, java.lang.Object, java.lang.Object, java.lang.Object, java.lang.Object, java.lang.Object, java.lang.Object, java.lang.Object)'> (0x0000000083a86370) 
thrown [s\src\hotspot\share\interpreter\linkResolver.cpp, line 771]
Event: 3.932 Thread 0x000002567dd68020 Exception <a 'java/lang/NoSuchMethodError'{0x0000000083a8b720}: 'java.lang.Object java.lang.invoke.Invokers$Holder.linkToTargetMethod(java.lang.Object, java.lang.Object, java.lang.Object, java.lang.Object, java.lang.Object, java.lang.Object, java.lang.Object, java.lang.Object)'> (0x0000000083a8b720) 
thrown [s\src\hotspot\share\interpreter\linkResolver.cpp, line 771]
Event: 3.936 Thread 0x000002567dd68020 Exception <a 'java/lang/NoSuchMethodError'{0x0000000083ad5828}: 'void java.lang.invoke.DirectMethodHandle$Holder.invokeStatic(java.lang.Object, java.lang.Object, java.lang.Object, java.lang.Object)'> (0x0000000083ad5828) 
thrown [s\src\hotspot\share\interpreter\linkResolver.cpp, line 771]
Event: 4.081 Thread 0x000002567dd68020 Exception <a 'java/lang/NoSuchMethodError'{0x0000000083214858}: 'int java.lang.invoke.DirectMethodHandle$Holder.invokeVirtual(java.lang.Object, java.lang.Object)'> (0x0000000083214858) 
thrown [s\src\hotspot\share\interpreter\linkResolver.cpp, line 771]
Event: 4.083 Thread 0x000002567dd68020 Exception <a 'java/lang/NoSuchMethodError'{0x0000000083226e00}: 'java.lang.Object java.lang.invoke.DirectMethodHandle$Holder.invokeStaticInit(java.lang.Object, java.lang.Object, java.lang.Object)'> (0x0000000083226e00) 
thrown [s\src\hotspot\share\interpreter\linkResolver.cpp, line 771]
Event: 4.254 Thread 0x000002567dd68020 Exception <a 'java/lang/NoSuchMethodError'{0x0000000082955090}: 'java.lang.Object java.lang.invoke.DirectMethodHandle$Holder.invokeSpecialIFC(java.lang.Object, java.lang.Object, java.lang.Object, java.lang.Object)'> (0x0000000082955090) 
thrown [s\src\hotspot\share\interpreter\linkResolver.cpp, line 771]
Event: 4.261 Thread 0x000002567dd68020 Exception <a 'java/lang/NoSuchMethodError'{0x00000000829f42b0}: 'java.lang.Object java.lang.invoke.DirectMethodHandle$Holder.newInvokeSpecial(java.lang.Object, java.lang.Object, java.lang.Object, java.lang.Object, java.lang.Object, java.lang.Object, java.lang.Object, java.lang.Object, java.lang.Object, java.lang.Object)'> (0x00000000829f42b0) 
thrown [s\src\hotspot\share\interpreter\linkResolver.cpp, line 771]
Event: 4.261 Thread 0x000002567dd68020 Exception <a 'java/lang/NoSuchMethodError'{0x00000000829f9198}: 'java.lang.Object java.lang.invoke.Invokers$Holder.linkToTargetMethod(java.lang.Object, java.lang.Object, java.lang.Object, java.lang.Object, java.lang.Object, java.lang.Object, java.lang.Object, java.lang.Object, java.lang.Object, java.lang.Object)'> (0x00000000829f9198) 
thrown [s\src\hotspot\share\interpreter\linkResolver.cpp, line 771]
Event: 4.272 Thread 0x000002567dd68020 Exception <a 'java/lang/NoSuchMethodError'{0x0000000085d82528}: 'java.lang.Object java.lang.invoke.DirectMethodHandle$Holder.newInvokeSpecial(java.lang.Object, java.lang.Object, java.lang.Object, java.lang.Object, java.lang.Object, java.lang.Object, java.lang.Object, java.lang.Object, java.lang.Object, java.lang.Object, java.lang.Object)'> (0x0000000085d82528) 
thrown [s\src\hotspot\share\interpreter\linkResolver.cpp, line 771]
Event: 4.273 Thread 0x000002567dd68020 Exception <a 'java/lang/NoSuchMethodError'{0x0000000085d88060}: 'java.lang.Object java.lang.invoke.DirectMethodHandle$Holder.invokeSpecial(java.lang.Object, java.lang.Object, java.lang.Object, java.lang.Object, java.lang.Object, java.lang.Object, java.lang.Object, java.lang.Object, java.lang.Object, java.lang.Object, java.lang.Object, java.lang.Object)'> (0x0000000085d88060) 
thrown [s\src\hotspot\share\interpreter\linkResolver.cpp, line 771]
Event: 4.273 Thread 0x000002567dd68020 Exception <a 'java/lang/NoSuchMethodError'{0x0000000085d8d6f8}: 'java.lang.Object java.lang.invoke.Invokers$Holder.linkToTargetMethod(java.lang.Object, java.lang.Object, java.lang.Object, java.lang.Object, java.lang.Object, java.lang.Object, java.lang.Object, java.lang.Object, java.lang.Object, java.lang.Object, java.lang.Object)'> (0x0000000085d8d6f8) 
thrown [s\src\hotspot\share\interpreter\linkResolver.cpp, line 771]
Event: 4.342 Thread 0x000002567dd68020 Implicit null exception at 0x0000025667ec620f to 0x0000025667ec6750
Event: 4.383 Thread 0x000002567dd68020 Exception <a 'java/lang/NoSuchMethodError'{0x00000000841ed1d0}: 'java.lang.Object java.lang.invoke.DirectMethodHandle$Holder.newInvokeSpecial(java.lang.Object, java.lang.Object, int, int)'> (0x00000000841ed1d0) 
thrown [s\src\hotspot\share\interpreter\linkResolver.cpp, line 771]
Event: 4.730 Thread 0x000002567dd68020 Exception <a 'java/lang/NoSuchMethodError'{0x0000000084460f28}: 'void java.lang.invoke.DirectMethodHandle$Holder.invokeStaticInit(java.lang.Object, java.lang.Object, java.lang.Object)'> (0x0000000084460f28) 
thrown [s\src\hotspot\share\interpreter\linkResolver.cpp, line 771]
Event: 4.730 Thread 0x000002567dd68020 Exception <a 'java/lang/NoSuchMethodError'{0x00000000844683c8}: 'void java.lang.invoke.DirectMethodHandle$Holder.invokeStaticInit(java.lang.Object, java.lang.Object, java.lang.Object, java.lang.Object)'> (0x00000000844683c8) 
thrown [s\src\hotspot\share\interpreter\linkResolver.cpp, line 771]
Event: 4.734 Thread 0x000002567dd68020 Exception <a 'java/lang/NoSuchMethodError'{0x000000008448a610}: 'void java.lang.invoke.DirectMethodHandle$Holder.invokeStaticInit(java.lang.Object, java.lang.Object, java.lang.Object, java.lang.Object, java.lang.Object)'> (0x000000008448a610) 
thrown [s\src\hotspot\share\interpreter\linkResolver.cpp, line 771]
Event: 4.734 Thread 0x000002567dd68020 Exception <a 'java/lang/NoSuchMethodError'{0x00000000844923d8}: 'int java.lang.invoke.DirectMethodHandle$Holder.invokeStaticInit(java.lang.Object, java.lang.Object, java.lang.Object)'> (0x00000000844923d8) 
thrown [s\src\hotspot\share\interpreter\linkResolver.cpp, line 771]
Event: 4.744 Thread 0x000002567dd68020 Exception <a 'java/lang/NoSuchMethodError'{0x00000000844e8ba0}: 'int java.lang.invoke.DirectMethodHandle$Holder.invokeStaticInit(java.lang.Object, java.lang.Object, java.lang.Object, java.lang.Object)'> (0x00000000844e8ba0) 
thrown [s\src\hotspot\share\interpreter\linkResolver.cpp, line 771]

VM Operations (20 events):
Event: 4.127 Executing VM operation: HandshakeAllThreads
Event: 4.127 Executing VM operation: HandshakeAllThreads done
Event: 4.262 Executing VM operation: G1CollectForAllocation
Event: 4.267 Executing VM operation: G1CollectForAllocation done
Event: 4.345 Executing VM operation: HandshakeAllThreads
Event: 4.345 Executing VM operation: HandshakeAllThreads done
Event: 4.470 Executing VM operation: HandshakeAllThreads
Event: 4.470 Executing VM operation: HandshakeAllThreads done
Event: 4.527 Executing VM operation: HandshakeAllThreads
Event: 4.527 Executing VM operation: HandshakeAllThreads done
Event: 4.633 Executing VM operation: CollectForMetadataAllocation
Event: 4.638 Executing VM operation: CollectForMetadataAllocation done
Event: 4.647 Executing VM operation: G1PauseRemark
Event: 4.650 Executing VM operation: G1PauseRemark done
Event: 4.654 Executing VM operation: G1PauseCleanup
Event: 4.655 Executing VM operation: G1PauseCleanup done
Event: 4.697 Executing VM operation: HandshakeAllThreads
Event: 4.697 Executing VM operation: HandshakeAllThreads done
Event: 4.825 Executing VM operation: HandshakeAllThreads
Event: 4.825 Executing VM operation: HandshakeAllThreads done

Events (20 events):
Event: 4.857 loading class javax/swing/ButtonGroup
Event: 4.857 loading class javax/swing/ButtonGroup done
Event: 4.857 loading class javax/swing/JMenu
Event: 4.858 loading class javax/swing/MenuElement
Event: 4.858 loading class javax/swing/MenuElement done
Event: 4.858 loading class javax/swing/JMenuItem
Event: 4.858 loading class javax/swing/AbstractButton
Event: 4.859 loading class javax/swing/AbstractButton done
Event: 4.859 loading class javax/swing/JMenuItem done
Event: 4.860 loading class javax/swing/JMenu done
Event: 4.860 loading class javax/swing/JMenuBar
Event: 4.860 loading class javax/swing/JMenuBar done
Event: 4.860 loading class javax/swing/JPopupMenu
Event: 4.861 loading class javax/swing/JPopupMenu done
Event: 4.861 loading class javax/swing/JToolBar
Event: 4.861 loading class javax/swing/JToolBar done
Event: 4.861 loading class javax/swing/table/TableColumn
Event: 4.862 loading class javax/swing/table/TableColumn done
Event: 4.862 loading class javax/swing/Action
Event: 4.862 loading class javax/swing/Action done


Dynamic libraries:
0x00007ff6114d0000 - 0x00007ff6114da000 	C:\Program Files\Android\Android Studio\jbr\bin\java.exe
0x00007ffe9efd0000 - 0x00007ffe9f1e7000 	C:\WINDOWS\SYSTEM32\ntdll.dll
0x00007ffe9e180000 - 0x00007ffe9e244000 	C:\WINDOWS\System32\KERNEL32.DLL
0x00007ffe9c8e0000 - 0x00007ffe9cc97000 	C:\WINDOWS\System32\KERNELBASE.dll
0x00007ffe9c380000 - 0x00007ffe9c491000 	C:\WINDOWS\System32\ucrtbase.dll
0x00007ffe931c0000 - 0x00007ffe931db000 	C:\Program Files\Android\Android Studio\jbr\bin\VCRUNTIME140.dll
0x00007ffe84960000 - 0x00007ffe84977000 	C:\Program Files\Android\Android Studio\jbr\bin\jli.dll
0x00007ffe9d7c0000 - 0x00007ffe9d96f000 	C:\WINDOWS\System32\USER32.dll
0x00007ffe9ccd0000 - 0x00007ffe9ccf6000 	C:\WINDOWS\System32\win32u.dll
0x00007ffe827a0000 - 0x00007ffe82a33000 	C:\WINDOWS\WinSxS\amd64_microsoft.windows.common-controls_6595b64144ccf1df_6.0.22621.3672_none_2713b9d173822955\COMCTL32.dll
0x00007ffe9e3a0000 - 0x00007ffe9e3c9000 	C:\WINDOWS\System32\GDI32.dll
0x00007ffe9e250000 - 0x00007ffe9e2f7000 	C:\WINDOWS\System32\msvcrt.dll
0x00007ffe9c700000 - 0x00007ffe9c818000 	C:\WINDOWS\System32\gdi32full.dll
0x00007ffe9c2e0000 - 0x00007ffe9c37a000 	C:\WINDOWS\System32\msvcp_win.dll
0x00007ffe9cf30000 - 0x00007ffe9cf61000 	C:\WINDOWS\System32\IMM32.DLL
0x00007ffe93f60000 - 0x00007ffe93f6c000 	C:\Program Files\Android\Android Studio\jbr\bin\vcruntime140_1.dll
0x00007ffe6a370000 - 0x00007ffe6a3fd000 	C:\Program Files\Android\Android Studio\jbr\bin\msvcp140.dll
0x00007ffdf8870000 - 0x00007ffdf94f3000 	C:\Program Files\Android\Android Studio\jbr\bin\server\jvm.dll
0x00007ffe9d490000 - 0x00007ffe9d542000 	C:\WINDOWS\System32\ADVAPI32.dll
0x00007ffe9eee0000 - 0x00007ffe9ef88000 	C:\WINDOWS\System32\sechost.dll
0x00007ffe9cca0000 - 0x00007ffe9ccc8000 	C:\WINDOWS\System32\bcrypt.dll
0x00007ffe9eda0000 - 0x00007ffe9eeb4000 	C:\WINDOWS\System32\RPCRT4.dll
0x00007ffe9c000000 - 0x00007ffe9c04d000 	C:\WINDOWS\SYSTEM32\POWRPROF.dll
0x00007ffe257f0000 - 0x00007ffe257f9000 	C:\WINDOWS\SYSTEM32\WSOCK32.dll
0x00007ffe97a50000 - 0x00007ffe97a84000 	C:\WINDOWS\SYSTEM32\WINMM.dll
0x00007ffe91f00000 - 0x00007ffe91f0a000 	C:\WINDOWS\SYSTEM32\VERSION.dll
0x00007ffe9d550000 - 0x00007ffe9d5c1000 	C:\WINDOWS\System32\WS2_32.dll
0x00007ffe9bfe0000 - 0x00007ffe9bff3000 	C:\WINDOWS\SYSTEM32\UMPDC.dll
0x00007ffe9b310000 - 0x00007ffe9b328000 	C:\WINDOWS\SYSTEM32\kernel.appcore.dll
0x00007ffe972e0000 - 0x00007ffe972ea000 	C:\Program Files\Android\Android Studio\jbr\bin\jimage.dll
0x00007ffe99cc0000 - 0x00007ffe99ef2000 	C:\WINDOWS\SYSTEM32\DBGHELP.DLL
0x00007ffe9cf70000 - 0x00007ffe9d2fe000 	C:\WINDOWS\System32\combase.dll
0x00007ffe9d5d0000 - 0x00007ffe9d6a7000 	C:\WINDOWS\System32\OLEAUT32.dll
0x00007ffe93cf0000 - 0x00007ffe93d22000 	C:\WINDOWS\SYSTEM32\dbgcore.DLL
0x00007ffe9c680000 - 0x00007ffe9c6fb000 	C:\WINDOWS\System32\bcryptPrimitives.dll
0x00007ffe8b120000 - 0x00007ffe8b12e000 	C:\Program Files\Android\Android Studio\jbr\bin\instrument.dll
0x00007ffe87ed0000 - 0x00007ffe87ef5000 	C:\Program Files\Android\Android Studio\jbr\bin\java.dll
0x00007ffe8a670000 - 0x00007ffe8a688000 	C:\Program Files\Android\Android Studio\jbr\bin\zip.dll
0x00007ffe9e530000 - 0x00007ffe9ed99000 	C:\WINDOWS\System32\SHELL32.dll
0x00007ffe9a200000 - 0x00007ffe9aaff000 	C:\WINDOWS\SYSTEM32\windows.storage.dll
0x00007ffe9a0c0000 - 0x00007ffe9a1ff000 	C:\WINDOWS\SYSTEM32\wintypes.dll
0x00007ffe9d970000 - 0x00007ffe9da69000 	C:\WINDOWS\System32\SHCORE.dll
0x00007ffe9e3d0000 - 0x00007ffe9e42e000 	C:\WINDOWS\System32\shlwapi.dll
0x00007ffe9c210000 - 0x00007ffe9c237000 	C:\WINDOWS\SYSTEM32\profapi.dll
0x00007ffe87e80000 - 0x00007ffe87e99000 	C:\Program Files\Android\Android Studio\jbr\bin\net.dll
0x00007ffe981b0000 - 0x00007ffe982e6000 	C:\WINDOWS\SYSTEM32\WINHTTP.dll
0x00007ffe9b7a0000 - 0x00007ffe9b809000 	C:\WINDOWS\system32\mswsock.dll
0x00007ffe84980000 - 0x00007ffe84996000 	C:\Program Files\Android\Android Studio\jbr\bin\nio.dll
0x00007ffe8b150000 - 0x00007ffe8b160000 	C:\Program Files\Android\Android Studio\jbr\bin\verify.dll
0x00007ffe87f90000 - 0x00007ffe87fb7000 	C:\Users\LENOVO\.gradle\native\c067742578af261105cb4f569cf0c3c89f3d7b1fecec35dd04571415982c5e48\windows-amd64\native-platform.dll
0x00007ffe33960000 - 0x00007ffe33aa4000 	C:\Users\LENOVO\.gradle\native\38dada09dfb8b06ba9b0570ebf7e218e3eb74d4ef43ca46872605cf95ebc2f47\windows-amd64\native-platform-file-events.dll
0x00007ffe91b50000 - 0x00007ffe91b59000 	C:\Program Files\Android\Android Studio\jbr\bin\management.dll
0x00007ffe8ca00000 - 0x00007ffe8ca0b000 	C:\Program Files\Android\Android Studio\jbr\bin\management_ext.dll
0x00007ffe9d480000 - 0x00007ffe9d488000 	C:\WINDOWS\System32\PSAPI.DLL
0x00007ffe9b9f0000 - 0x00007ffe9ba0b000 	C:\WINDOWS\SYSTEM32\CRYPTSP.dll
0x00007ffe9b270000 - 0x00007ffe9b2a5000 	C:\WINDOWS\system32\rsaenh.dll
0x00007ffe9b890000 - 0x00007ffe9b8b8000 	C:\WINDOWS\SYSTEM32\USERENV.dll
0x00007ffe9ba10000 - 0x00007ffe9ba1c000 	C:\WINDOWS\SYSTEM32\CRYPTBASE.dll
0x00007ffe9ada0000 - 0x00007ffe9adcd000 	C:\WINDOWS\SYSTEM32\IPHLPAPI.DLL
0x00007ffe9e390000 - 0x00007ffe9e399000 	C:\WINDOWS\System32\NSI.dll
0x00007ffe986a0000 - 0x00007ffe986b9000 	C:\WINDOWS\SYSTEM32\dhcpcsvc6.DLL
0x00007ffe97f10000 - 0x00007ffe97f2f000 	C:\WINDOWS\SYSTEM32\dhcpcsvc.DLL
0x00007ffe9add0000 - 0x00007ffe9aed2000 	C:\WINDOWS\SYSTEM32\DNSAPI.dll
0x00007ffe931b0000 - 0x00007ffe931b9000 	C:\Program Files\Android\Android Studio\jbr\bin\extnet.dll
0x00007ffe22bc0000 - 0x00007ffe22bc8000 	C:\WINDOWS\system32\wshunix.dll

dbghelp: loaded successfully - version: 4.0.5 - missing functions: none
symbol engine: initialized successfully - sym options: 0x614 - pdb path: .;C:\Program Files\Android\Android Studio\jbr\bin;C:\WINDOWS\SYSTEM32;C:\WINDOWS\WinSxS\amd64_microsoft.windows.common-controls_6595b64144ccf1df_6.0.22621.3672_none_2713b9d173822955;C:\Program Files\Android\Android Studio\jbr\bin\server;C:\Users\LENOVO\.gradle\native\c067742578af261105cb4f569cf0c3c89f3d7b1fecec35dd04571415982c5e48\windows-amd64;C:\Users\LENOVO\.gradle\native\38dada09dfb8b06ba9b0570ebf7e218e3eb74d4ef43ca46872605cf95ebc2f47\windows-amd64

VM Arguments:
jvm_args: --add-opens=java.base/java.util=ALL-UNNAMED --add-opens=java.base/java.lang=ALL-UNNAMED --add-opens=java.base/java.lang.invoke=ALL-UNNAMED --add-opens=java.prefs/java.util.prefs=ALL-UNNAMED --add-opens=java.base/java.nio.charset=ALL-UNNAMED --add-opens=java.base/java.net=ALL-UNNAMED --add-opens=java.base/java.util.concurrent.atomic=ALL-UNNAMED -Xmx2048m -Dfile.encoding=UTF-8 -Duser.country=ID -Duser.language=en -Duser.variant -javaagent:C:\Users\LENOVO\.gradle\wrapper\dists\gradle-8.7-bin\bhs2wmbdwecv87pi65oeuq5iu\gradle-8.7\lib\agents\gradle-instrumentation-agent-8.7.jar 
java_command: org.gradle.launcher.daemon.bootstrap.GradleDaemon 8.7
java_class_path (initial): C:\Users\LENOVO\.gradle\wrapper\dists\gradle-8.7-bin\bhs2wmbdwecv87pi65oeuq5iu\gradle-8.7\lib\gradle-launcher-8.7.jar
Launcher Type: SUN_STANDARD

[Global flags]
     intx CICompilerCount                          = 4                                         {product} {ergonomic}
     uint ConcGCThreads                            = 3                                         {product} {ergonomic}
     uint G1ConcRefinementThreads                  = 10                                        {product} {ergonomic}
   size_t G1HeapRegionSize                         = 1048576                                   {product} {ergonomic}
    uintx GCDrainStackTargetSize                   = 64                                        {product} {ergonomic}
   size_t InitialHeapSize                          = 98566144                                  {product} {ergonomic}
   size_t MarkStackSize                            = 4194304                                   {product} {ergonomic}
   size_t MaxHeapSize                              = 2147483648                                {product} {command line}
   size_t MaxNewSize                               = 1287651328                                {product} {ergonomic}
   size_t MinHeapDeltaBytes                        = 1048576                                   {product} {ergonomic}
   size_t MinHeapSize                              = 8388608                                   {product} {ergonomic}
    uintx NonNMethodCodeHeapSize                   = 5839372                                {pd product} {ergonomic}
    uintx NonProfiledCodeHeapSize                  = 122909434                              {pd product} {ergonomic}
    uintx ProfiledCodeHeapSize                     = 122909434                              {pd product} {ergonomic}
    uintx ReservedCodeCacheSize                    = 251658240                              {pd product} {ergonomic}
     bool SegmentedCodeCache                       = true                                      {product} {ergonomic}
   size_t SoftMaxHeapSize                          = 2147483648                             {manageable} {ergonomic}
     bool UseCompressedClassPointers               = true                           {product lp64_product} {ergonomic}
     bool UseCompressedOops                        = true                           {product lp64_product} {ergonomic}
     bool UseG1GC                                  = true                                      {product} {ergonomic}
     bool UseLargePagesIndividualAllocation        = false                                  {pd product} {ergonomic}

Logging:
Log output configuration:
 #0: stdout all=warning uptime,level,tags
 #1: stderr all=off uptime,level,tags

Environment Variables:
PATH=C:\ProgramData\Oracle\Java\javapath;C:\WINDOWS\system32;C:\WINDOWS;C:\WINDOWS\System32\Wbem;C:\WINDOWS\System32\WindowsPowerShell\v1.0\;C:\WINDOWS\System32\OpenSSH\;C:\Program Files\dotnet\;C:\Program Files\PuTTY\;C:\Program Files\Docker\Docker\resources\bin;C:\Program Files\Git\cmd;C:\Users\LENOVO\AppData\Local\Microsoft\WindowsApps;C:\Users\LENOVO\AppData\Local\Programs\Microsoft VS Code\bin;C:\Users\LENOVO\AppData\Local\GitHubDesktop\bin;C:\Program Files\Java\jdk-9.0.4\bin\jshell.exe;
USERNAME=LENOVO
OS=Windows_NT
PROCESSOR_IDENTIFIER=AMD64 Family 25 Model 80 Stepping 0, AuthenticAMD
TMP=C:\Users\LENOVO\AppData\Local\Temp
TEMP=C:\Users\LENOVO\AppData\Local\Temp



Periodic native trim disabled

JNI global refs:
JNI global refs: 24, weak refs: 0

JNI global refs memory usage: 843, weak refs: 841

Process memory usage:
Resident Set Size: 220240K (3% of 6133184K total physical memory with 647528K free physical memory)

OOME stack traces (most recent first):
Classloader memory used:
Loader org.gradle.internal.classloader.VisitableURLClassLoader                         : 2216K
Loader bootstrap                                                                       : 2180K
Loader org.gradle.initialization.MixInLegacyTypesClassLoader                           : 484K
Loader jdk.internal.loader.ClassLoaders$PlatformClassLoader                            : 29221B
Loader jdk.internal.loader.ClassLoaders$AppClassLoader                                 : 28714B
Loader jdk.internal.reflect.DelegatingClassLoader                                      : 4421B

Classes loaded by more than one classloader:
Class org.gradle.internal.installation.GradleInstallation                             : loaded 2 times (x 73B)
Class org.gradle.internal.classpath.ClassPath                                         : loaded 2 times (x 68B)
Class org.gradle.api.internal.classpath.DefaultModuleRegistry                         : loaded 2 times (x 84B)
Class org.gradle.api.Action                                                           : loaded 2 times (x 68B)
Class org.gradle.api.internal.DefaultClassPathProvider                                : loaded 2 times (x 74B)
Class org.gradle.internal.installation.GradleInstallation$1                           : loaded 2 times (x 73B)
Class org.gradle.internal.classloader.FilteringClassLoader                            : loaded 2 times (x 103B)
Class org.gradle.internal.classpath.DefaultClassPath$ImmutableUniqueList$Builder      : loaded 2 times (x 73B)
Class org.gradle.internal.classloader.ClassLoaderVisitor                              : loaded 2 times (x 74B)
Class org.gradle.internal.service.DefaultServiceLocator                               : loaded 2 times (x 81B)
Class org.gradle.internal.service.UnknownServiceException                             : loaded 2 times (x 81B)
Class org.gradle.internal.classloader.DefaultClassLoaderFactory                       : loaded 2 times (x 80B)
Class org.gradle.internal.classloader.VisitableURLClassLoader$Spec                    : loaded 2 times (x 72B)
Class org.gradle.api.GradleException                                                  : loaded 2 times (x 80B)
Class org.gradle.api.internal.classpath.ModuleRegistry                                : loaded 2 times (x 68B)
Class org.gradle.api.internal.ClassPathProvider                                       : loaded 2 times (x 68B)
Class org.gradle.internal.classloader.ClasspathUtil$1                                 : loaded 2 times (x 74B)
Class org.gradle.internal.classloader.ClassLoaderFactory                              : loaded 2 times (x 68B)
Class org.gradle.api.internal.classpath.ManifestUtil                                  : loaded 2 times (x 69B)
Class org.gradle.api.specs.Spec                                                       : loaded 2 times (x 68B)
Class org.gradle.internal.IoActions                                                   : loaded 2 times (x 69B)
Class org.gradle.api.internal.classpath.EffectiveClassPath                            : loaded 2 times (x 88B)
Class org.gradle.internal.installation.CurrentGradleInstallation                      : loaded 2 times (x 71B)
Class org.gradle.internal.agents.InstrumentingClassLoader                             : loaded 2 times (x 68B)
Class org.gradle.internal.installation.CurrentGradleInstallationLocator               : loaded 2 times (x 69B)
Class org.gradle.api.internal.classpath.Module                                        : loaded 2 times (x 68B)
Class org.gradle.internal.service.CachingServiceLocator                               : loaded 2 times (x 80B)
Class org.gradle.internal.classpath.DefaultClassPath                                  : loaded 2 times (x 88B)
Class org.gradle.internal.classloader.SystemClassLoaderSpec                           : loaded 2 times (x 69B)
Class org.gradle.api.UncheckedIOException                                             : loaded 2 times (x 80B)
Class org.gradle.internal.classloader.ClasspathUtil                                   : loaded 2 times (x 69B)
Class org.gradle.api.internal.DefaultClassPathRegistry                                : loaded 2 times (x 74B)
Class org.gradle.api.internal.classpath.DefaultModuleRegistry$DefaultModule           : loaded 2 times (x 84B)
Class org.gradle.api.internal.classpath.UnknownModuleException                        : loaded 2 times (x 80B)
Class org.gradle.internal.service.ServiceLookupException                              : loaded 2 times (x 80B)
Class org.gradle.cache.GlobalCache                                                    : loaded 2 times (x 68B)
Class [Lorg.gradle.api.internal.ClassPathProvider;                                    : loaded 2 times (x 67B)
Class org.gradle.util.internal.GUtil                                                  : loaded 2 times (x 69B)
Class org.gradle.internal.classloader.ClassLoaderSpec                                 : loaded 2 times (x 69B)
Class org.gradle.internal.classloader.VisitableURLClassLoader                         : loaded 2 times (x 115B)
Class org.gradle.internal.Cast                                                        : loaded 2 times (x 69B)
Class org.gradle.api.internal.ClassPathRegistry                                       : loaded 2 times (x 68B)
Class org.gradle.internal.classloader.VisitableURLClassLoader$InstrumentingVisitableURLClassLoader: loaded 2 times (x 121B)
Class org.gradle.internal.classloader.ClassLoaderHierarchy                            : loaded 2 times (x 68B)
Class org.gradle.internal.InternalTransformer                                         : loaded 2 times (x 68B)
Class org.gradle.internal.service.ServiceLocator                                      : loaded 2 times (x 68B)
Class org.gradle.internal.classpath.DefaultClassPath$ImmutableUniqueList              : loaded 2 times (x 159B)
Class org.gradle.internal.classpath.TransformedClassPath                              : loaded 2 times (x 94B)


---------------  S Y S T E M  ---------------

OS:
 Windows 11 , 64 bit Build 22621 (10.0.22621.3958)
OS uptime: 4 days 23:22 hours
Hyper-V role detected

CPU: total 12 (initial active 12) (12 cores per cpu, 2 threads per core) family 25 model 80 stepping 0 microcode 0x0, cx8, cmov, fxsr, ht, mmx, 3dnowpref, sse, sse2, sse3, ssse3, sse4a, sse4.1, sse4.2, popcnt, lzcnt, tsc, tscinvbit, avx, avx2, aes, erms, clmul, bmi1, bmi2, adx, sha, fma, vzeroupper, clflush, clflushopt, hv
Processor Information for processor 0
  Max Mhz: 2301, Current Mhz: 2301, Mhz Limit: 2301
Processor Information for processor 1
  Max Mhz: 2301, Current Mhz: 1798, Mhz Limit: 2301
Processor Information for processor 2
  Max Mhz: 2301, Current Mhz: 1798, Mhz Limit: 2301
Processor Information for processor 3
  Max Mhz: 2301, Current Mhz: 1798, Mhz Limit: 2301
Processor Information for processor 4
  Max Mhz: 2301, Current Mhz: 1798, Mhz Limit: 2301
Processor Information for processor 5
  Max Mhz: 2301, Current Mhz: 1798, Mhz Limit: 2301
Processor Information for processor 6
  Max Mhz: 2301, Current Mhz: 1798, Mhz Limit: 2301
Processor Information for processor 7
  Max Mhz: 2301, Current Mhz: 2301, Mhz Limit: 2301
Processor Information for processor 8
  Max Mhz: 2301, Current Mhz: 1798, Mhz Limit: 2301
Processor Information for processor 9
  Max Mhz: 2301, Current Mhz: 1798, Mhz Limit: 2301
Processor Information for processor 10
  Max Mhz: 2301, Current Mhz: 1798, Mhz Limit: 2301
Processor Information for processor 11
  Max Mhz: 2301, Current Mhz: 1798, Mhz Limit: 2301

Memory: 4k page, system-wide physical 5989M (632M free)
TotalPageFile size 24421M (AvailPageFile size 5M)
current process WorkingSet (physical memory assigned to process): 215M, peak: 215M
current process commit charge ("private bytes"): 262M, peak: 263M

vm_info: OpenJDK 64-Bit Server VM (17.0.11+0--11852314) for windows-amd64 JRE (17.0.11+0--11852314), built on May 16 2024 21:29:20 by "androidbuild" with MS VC++ 16.10 / 16.11 (VS2019)

END.
