#
# There is insufficient memory for the Java Runtime Environment to continue.
# Native memory allocation (malloc) failed to allocate 1240640 bytes. Error detail: Chunk::new
# Possible reasons:
#   The system is out of physical RAM or swap space
#   This process is running with CompressedOops enabled, and the Java Heap may be blocking the growth of the native heap
# Possible solutions:
#   Reduce memory load on the system
#   Increase physical memory or swap space
#   Check if swap backing store is full
#   Decrease Java heap size (-Xmx/-Xms)
#   Decrease number of Java threads
#   Decrease Java thread stack sizes (-Xss)
#   Set larger code cache with -XX:ReservedCodeCacheSize=
#   JVM is running with Unscaled Compressed Oops mode in which the Java heap is
#     placed in the first 4GB address space. The Java Heap base address is the
#     maximum limit for the native heap growth. Please use -XX:HeapBaseMinAddress
#     to set the Java Heap base and to place the Java Heap above 4GB virtual address.
# This output file may be truncated or incomplete.
#
#  Out of Memory Error (arena.cpp:191), pid=20776, tid=23796
#
# JRE version: OpenJDK Runtime Environment (17.0.11) (build 17.0.11+0--11852314)
# Java VM: OpenJDK 64-Bit Server VM (17.0.11+0--11852314, mixed mode, tiered, compressed oops, compressed class ptrs, g1 gc, windows-amd64)
# No core dump will be written. Minidumps are not enabled by default on client versions of Windows
#

---------------  S U M M A R Y ------------

Command Line: --add-opens=java.base/java.util=ALL-UNNAMED --add-opens=java.base/java.lang=ALL-UNNAMED --add-opens=java.base/java.lang.invoke=ALL-UNNAMED --add-opens=java.prefs/java.util.prefs=ALL-UNNAMED --add-opens=java.base/java.nio.charset=ALL-UNNAMED --add-opens=java.base/java.net=ALL-UNNAMED --add-opens=java.base/java.util.concurrent.atomic=ALL-UNNAMED -Xmx2048m -Dfile.encoding=UTF-8 -Duser.country=ID -Duser.language=en -Duser.variant -javaagent:C:\Users\LENOVO\.gradle\wrapper\dists\gradle-8.7-bin\bhs2wmbdwecv87pi65oeuq5iu\gradle-8.7\lib\agents\gradle-instrumentation-agent-8.7.jar org.gradle.launcher.daemon.bootstrap.GradleDaemon 8.7

Host: AMD Ryzen 5 5625U with Radeon Graphics         , 12 cores, 5G,  Windows 11 , 64 bit Build 22621 (10.0.22621.3958)
Time: Mon Dec  9 05:54:48 2024 SE Asia Standard Time elapsed time: 3.354747 seconds (0d 0h 0m 3s)

---------------  T H R E A D  ---------------

Current thread (0x000001864c4e84e0):  JavaThread "C2 CompilerThread0" daemon [_thread_in_native, id=23796, stack(0x000000809b300000,0x000000809b400000)]


Current CompileTask:
C2:   3355 2098       4       jdk.internal.org.objectweb.asm.Frame::execute (2305 bytes)

Stack: [0x000000809b300000,0x000000809b400000]
Native frames: (J=compiled Java code, j=interpreted, Vv=VM code, C=native code)
V  [jvm.dll+0x687bb9]
V  [jvm.dll+0x84142a]
V  [jvm.dll+0x8430ae]
V  [jvm.dll+0x843713]
V  [jvm.dll+0x24a35f]
V  [jvm.dll+0xac544]
V  [jvm.dll+0xacb8c]
V  [jvm.dll+0x369c37]
V  [jvm.dll+0x1be126]
V  [jvm.dll+0x21c029]
V  [jvm.dll+0x21b311]
V  [jvm.dll+0x1a63ed]
V  [jvm.dll+0x22b1ee]
V  [jvm.dll+0x229375]
V  [jvm.dll+0x7f5647]
V  [jvm.dll+0x7efa4a]
V  [jvm.dll+0x686a35]
C  [ucrtbase.dll+0x29333]
C  [KERNEL32.DLL+0x1257d]
C  [ntdll.dll+0x5af08]


---------------  P R O C E S S  ---------------

Threads class SMR info:
_java_thread_list=0x0000018652cfc430, length=25, elements={
0x00000186320cb8e0, 0x000001864c4c4030, 0x000001864c4c4eb0, 0x000001864c38e290,
0x000001864c4e42b0, 0x000001864c4e6d80, 0x000001864c4e7740, 0x000001864c4e84e0,
0x000001864c4e8f90, 0x000001864c4f4ea0, 0x000001864c627790, 0x000001864c832280,
0x0000018652a47850, 0x00000186526d05a0, 0x00000186527c9a90, 0x00000186524c5440,
0x0000018652345170, 0x00000186529c0a60, 0x00000186529bec00, 0x00000186529be6f0,
0x00000186529bf620, 0x00000186529c0550, 0x00000186529bfb30, 0x00000186529bd2b0,
0x00000186529bdcd0
}

Java Threads: ( => current thread )
  0x00000186320cb8e0 JavaThread "main" [_thread_blocked, id=17828, stack(0x000000809a600000,0x000000809a700000)]
  0x000001864c4c4030 JavaThread "Reference Handler" daemon [_thread_blocked, id=30064, stack(0x000000809ad00000,0x000000809ae00000)]
  0x000001864c4c4eb0 JavaThread "Finalizer" daemon [_thread_blocked, id=27916, stack(0x000000809ae00000,0x000000809af00000)]
  0x000001864c38e290 JavaThread "Signal Dispatcher" daemon [_thread_blocked, id=32900, stack(0x000000809af00000,0x000000809b000000)]
  0x000001864c4e42b0 JavaThread "Attach Listener" daemon [_thread_blocked, id=28332, stack(0x000000809b000000,0x000000809b100000)]
  0x000001864c4e6d80 JavaThread "Service Thread" daemon [_thread_blocked, id=24936, stack(0x000000809b100000,0x000000809b200000)]
  0x000001864c4e7740 JavaThread "Monitor Deflation Thread" daemon [_thread_blocked, id=10192, stack(0x000000809b200000,0x000000809b300000)]
=>0x000001864c4e84e0 JavaThread "C2 CompilerThread0" daemon [_thread_in_native, id=23796, stack(0x000000809b300000,0x000000809b400000)]
  0x000001864c4e8f90 JavaThread "C1 CompilerThread0" daemon [_thread_blocked, id=13800, stack(0x000000809b400000,0x000000809b500000)]
  0x000001864c4f4ea0 JavaThread "Sweeper thread" daemon [_thread_blocked, id=27996, stack(0x000000809b500000,0x000000809b600000)]
  0x000001864c627790 JavaThread "Common-Cleaner" daemon [_thread_blocked, id=26176, stack(0x000000809b600000,0x000000809b700000)]
  0x000001864c832280 JavaThread "Notification Thread" daemon [_thread_blocked, id=24940, stack(0x000000809b700000,0x000000809b800000)]
  0x0000018652a47850 JavaThread "Daemon health stats" [_thread_blocked, id=7260, stack(0x000000809bd00000,0x000000809be00000)]
  0x00000186526d05a0 JavaThread "Incoming local TCP Connector on port 61393" [_thread_in_native, id=26792, stack(0x000000809be00000,0x000000809bf00000)]
  0x00000186527c9a90 JavaThread "Daemon periodic checks" [_thread_blocked, id=22696, stack(0x000000809bf00000,0x000000809c000000)]
  0x00000186524c5440 JavaThread "Daemon" [_thread_blocked, id=21192, stack(0x000000809c000000,0x000000809c100000)]
  0x0000018652345170 JavaThread "Handler for socket connection from /127.0.0.1:61393 to /127.0.0.1:61394" [_thread_in_native, id=3332, stack(0x000000809c100000,0x000000809c200000)]
  0x00000186529c0a60 JavaThread "Cancel handler" [_thread_blocked, id=28724, stack(0x000000809c200000,0x000000809c300000)]
  0x00000186529bec00 JavaThread "Daemon worker" [_thread_in_vm, id=29564, stack(0x000000809c300000,0x000000809c400000)]
  0x00000186529be6f0 JavaThread "Asynchronous log dispatcher for DefaultDaemonConnection: socket connection from /127.0.0.1:61393 to /127.0.0.1:61394" [_thread_blocked, id=348, stack(0x000000809c400000,0x000000809c500000)]
  0x00000186529bf620 JavaThread "Stdin handler" [_thread_blocked, id=7056, stack(0x000000809c500000,0x000000809c600000)]
  0x00000186529c0550 JavaThread "Daemon client event forwarder" [_thread_blocked, id=16560, stack(0x000000809c600000,0x000000809c700000)]
  0x00000186529bfb30 JavaThread "Cache worker for journal cache (C:\Users\LENOVO\.gradle\caches\journal-1)" [_thread_blocked, id=12992, stack(0x000000809ce00000,0x000000809cf00000)]
  0x00000186529bd2b0 JavaThread "File lock request listener" [_thread_in_native, id=26348, stack(0x000000809cf00000,0x000000809d000000)]
  0x00000186529bdcd0 JavaThread "Cache worker for file hash cache (C:\Users\LENOVO\.gradle\caches\8.7\fileHashes)" [_thread_blocked, id=17004, stack(0x000000809d000000,0x000000809d100000)]

Other Threads:
  0x000001864c3735c0 VMThread "VM Thread" [stack: 0x000000809ac00000,0x000000809ad00000] [id=33344]
  0x000001864c730f00 WatcherThread [stack: 0x000000809b800000,0x000000809b900000] [id=8964]
  0x0000018632127fb0 GCTaskThread "GC Thread#0" [stack: 0x000000809a700000,0x000000809a800000] [id=29392]
  0x0000018651c52ee0 GCTaskThread "GC Thread#1" [stack: 0x000000809b900000,0x000000809ba00000] [id=1776]
  0x0000018651c14b10 GCTaskThread "GC Thread#2" [stack: 0x000000809ba00000,0x000000809bb00000] [id=30424]
  0x0000018651c14dd0 GCTaskThread "GC Thread#3" [stack: 0x000000809bb00000,0x000000809bc00000] [id=32408]
  0x00000186519cc230 GCTaskThread "GC Thread#4" [stack: 0x000000809bc00000,0x000000809bd00000] [id=13712]
  0x0000018652583040 GCTaskThread "GC Thread#5" [stack: 0x000000809c700000,0x000000809c800000] [id=31264]
  0x00000186529c5c40 GCTaskThread "GC Thread#6" [stack: 0x000000809c800000,0x000000809c900000] [id=28500]
  0x00000186529c5f00 GCTaskThread "GC Thread#7" [stack: 0x000000809c900000,0x000000809ca00000] [id=27376]
  0x0000018652765570 GCTaskThread "GC Thread#8" [stack: 0x000000809ca00000,0x000000809cb00000] [id=30740]
  0x0000018652765cb0 GCTaskThread "GC Thread#9" [stack: 0x000000809cb00000,0x000000809cc00000] [id=10668]
  0x0000018632138f00 ConcurrentGCThread "G1 Main Marker" [stack: 0x000000809a800000,0x000000809a900000] [id=6428]
  0x0000018632139920 ConcurrentGCThread "G1 Conc#0" [stack: 0x000000809a900000,0x000000809aa00000] [id=3208]
  0x0000018652a29910 ConcurrentGCThread "G1 Conc#1" [stack: 0x000000809cc00000,0x000000809cd00000] [id=8488]
  0x0000018652b22c60 ConcurrentGCThread "G1 Conc#2" [stack: 0x000000809cd00000,0x000000809ce00000] [id=26360]
  0x000001864c1ce4f0 ConcurrentGCThread "G1 Refine#0" [stack: 0x000000809aa00000,0x000000809ab00000] [id=23716]
  0x000001864c1cef20 ConcurrentGCThread "G1 Service" [stack: 0x000000809ab00000,0x000000809ac00000] [id=6036]

Threads with active compile tasks:
C2 CompilerThread0     3384 2098       4       jdk.internal.org.objectweb.asm.Frame::execute (2305 bytes)

VM state: not at safepoint (normal execution)

VM Mutex/Monitor currently owned by a thread: None

Heap address: 0x0000000080000000, size: 2048 MB, Compressed Oops mode: 32-bit

CDS archive(s) not mapped
Compressed class space mapped at: 0x0000000100000000-0x0000000140000000, reserved size: 1073741824
Narrow klass base: 0x0000000000000000, Narrow klass shift: 3, Narrow klass range: 0x140000000

GC Precious Log:
 CPUs: 12 total, 12 available
 Memory: 5989M
 Large Page Support: Disabled
 NUMA Support: Disabled
 Compressed Oops: Enabled (32-bit)
 Heap Region Size: 1M
 Heap Min Capacity: 8M
 Heap Initial Capacity: 94M
 Heap Max Capacity: 2G
 Pre-touch: Disabled
 Parallel Workers: 10
 Concurrent Workers: 3
 Concurrent Refinement Workers: 10
 Periodic GC: Disabled

Heap:
 garbage-first heap   total 71680K, used 37257K [0x0000000080000000, 0x0000000100000000)
  region size 1024K, 20 young (20480K), 1 survivors (1024K)
 Metaspace       used 24372K, committed 24640K, reserved 1114112K
  class space    used 2991K, committed 3072K, reserved 1048576K

Heap Regions: E=young(eden), S=young(survivor), O=old, HS=humongous(starts), HC=humongous(continues), CS=collection set, F=free, OA=open archive, CA=closed archive, TAMS=top-at-mark-start (previous, next)
|   0|0x0000000080000000, 0x0000000080100000, 0x0000000080100000|100%|HS|  |TAMS 0x0000000080100000, 0x0000000080000000| Complete 
|   1|0x0000000080100000, 0x0000000080200000, 0x0000000080200000|100%|HC|  |TAMS 0x0000000080200000, 0x0000000080100000| Complete 
|   2|0x0000000080200000, 0x0000000080300000, 0x0000000080300000|100%|HC|  |TAMS 0x0000000080300000, 0x0000000080200000| Complete 
|   3|0x0000000080300000, 0x0000000080400000, 0x0000000080400000|100%|HC|  |TAMS 0x0000000080400000, 0x0000000080300000| Complete 
|   4|0x0000000080400000, 0x0000000080500000, 0x0000000080500000|100%| O|  |TAMS 0x0000000080500000, 0x0000000080400000| Untracked 
|   5|0x0000000080500000, 0x0000000080600000, 0x0000000080600000|100%| O|  |TAMS 0x0000000080600000, 0x0000000080500000| Untracked 
|   6|0x0000000080600000, 0x0000000080700000, 0x0000000080700000|100%| O|  |TAMS 0x0000000080700000, 0x0000000080600000| Untracked 
|   7|0x0000000080700000, 0x0000000080800000, 0x0000000080800000|100%| O|  |TAMS 0x0000000080800000, 0x0000000080700000| Untracked 
|   8|0x0000000080800000, 0x0000000080900000, 0x0000000080900000|100%| O|  |TAMS 0x0000000080900000, 0x0000000080800000| Untracked 
|   9|0x0000000080900000, 0x0000000080a00000, 0x0000000080a00000|100%| O|  |TAMS 0x0000000080a00000, 0x0000000080900000| Untracked 
|  10|0x0000000080a00000, 0x0000000080b00000, 0x0000000080b00000|100%| O|  |TAMS 0x0000000080b00000, 0x0000000080a00000| Untracked 
|  11|0x0000000080b00000, 0x0000000080c00000, 0x0000000080c00000|100%| O|  |TAMS 0x0000000080b00000, 0x0000000080b00000| Untracked 
|  12|0x0000000080c00000, 0x0000000080d00000, 0x0000000080d00000|100%| O|  |TAMS 0x0000000080d00000, 0x0000000080c00000| Untracked 
|  13|0x0000000080d00000, 0x0000000080e00000, 0x0000000080e00000|100%| O|  |TAMS 0x0000000080dfbc00, 0x0000000080d00000| Untracked 
|  14|0x0000000080e00000, 0x0000000080f00000, 0x0000000080f00000|100%| O|  |TAMS 0x0000000080e00000, 0x0000000080e00000| Untracked 
|  15|0x0000000080f00000, 0x0000000081000000, 0x0000000081000000|100%| O|  |TAMS 0x0000000080f00000, 0x0000000080f00000| Untracked 
|  16|0x0000000081000000, 0x0000000081100000, 0x0000000081100000|100%| O|  |TAMS 0x0000000081000000, 0x0000000081000000| Untracked 
|  17|0x0000000081100000, 0x0000000081200000, 0x0000000081200000|100%| O|  |TAMS 0x0000000081100000, 0x0000000081100000| Untracked 
|  18|0x0000000081200000, 0x00000000812fa600, 0x0000000081300000| 97%| O|  |TAMS 0x0000000081200000, 0x0000000081200000| Untracked 
|  19|0x0000000081300000, 0x0000000081300000, 0x0000000081400000|  0%| F|  |TAMS 0x0000000081300000, 0x0000000081300000| Untracked 
|  20|0x0000000081400000, 0x0000000081400000, 0x0000000081500000|  0%| F|  |TAMS 0x0000000081400000, 0x0000000081400000| Untracked 
|  21|0x0000000081500000, 0x0000000081500000, 0x0000000081600000|  0%| F|  |TAMS 0x0000000081500000, 0x0000000081500000| Untracked 
|  22|0x0000000081600000, 0x0000000081600000, 0x0000000081700000|  0%| F|  |TAMS 0x0000000081600000, 0x0000000081600000| Untracked 
|  23|0x0000000081700000, 0x0000000081700000, 0x0000000081800000|  0%| F|  |TAMS 0x0000000081700000, 0x0000000081700000| Untracked 
|  24|0x0000000081800000, 0x0000000081800000, 0x0000000081900000|  0%| F|  |TAMS 0x0000000081800000, 0x0000000081800000| Untracked 
|  25|0x0000000081900000, 0x0000000081900000, 0x0000000081a00000|  0%| F|  |TAMS 0x0000000081900000, 0x0000000081900000| Untracked 
|  26|0x0000000081a00000, 0x0000000081a00000, 0x0000000081b00000|  0%| F|  |TAMS 0x0000000081a00000, 0x0000000081a00000| Untracked 
|  27|0x0000000081b00000, 0x0000000081b00000, 0x0000000081c00000|  0%| F|  |TAMS 0x0000000081b00000, 0x0000000081b00000| Untracked 
|  28|0x0000000081c00000, 0x0000000081c00000, 0x0000000081d00000|  0%| F|  |TAMS 0x0000000081c00000, 0x0000000081c00000| Untracked 
|  29|0x0000000081d00000, 0x0000000081d00000, 0x0000000081e00000|  0%| F|  |TAMS 0x0000000081d00000, 0x0000000081d00000| Untracked 
|  30|0x0000000081e00000, 0x0000000081e00000, 0x0000000081f00000|  0%| F|  |TAMS 0x0000000081e00000, 0x0000000081e00000| Untracked 
|  31|0x0000000081f00000, 0x0000000081f00000, 0x0000000082000000|  0%| F|  |TAMS 0x0000000081f00000, 0x0000000081f00000| Untracked 
|  32|0x0000000082000000, 0x0000000082000000, 0x0000000082100000|  0%| F|  |TAMS 0x0000000082000000, 0x0000000082000000| Untracked 
|  33|0x0000000082100000, 0x0000000082100000, 0x0000000082200000|  0%| F|  |TAMS 0x0000000082100000, 0x0000000082100000| Untracked 
|  34|0x0000000082200000, 0x0000000082200000, 0x0000000082300000|  0%| F|  |TAMS 0x0000000082200000, 0x0000000082200000| Untracked 
|  35|0x0000000082300000, 0x0000000082300000, 0x0000000082400000|  0%| F|  |TAMS 0x0000000082300000, 0x0000000082300000| Untracked 
|  36|0x0000000082400000, 0x0000000082400000, 0x0000000082500000|  0%| F|  |TAMS 0x0000000082400000, 0x0000000082400000| Untracked 
|  37|0x0000000082500000, 0x0000000082500000, 0x0000000082600000|  0%| F|  |TAMS 0x0000000082500000, 0x0000000082500000| Untracked 
|  38|0x0000000082600000, 0x0000000082600000, 0x0000000082700000|  0%| F|  |TAMS 0x0000000082600000, 0x0000000082600000| Untracked 
|  39|0x0000000082700000, 0x0000000082700000, 0x0000000082800000|  0%| F|  |TAMS 0x0000000082700000, 0x0000000082700000| Untracked 
|  40|0x0000000082800000, 0x0000000082800000, 0x0000000082900000|  0%| F|  |TAMS 0x0000000082800000, 0x0000000082800000| Untracked 
|  41|0x0000000082900000, 0x0000000082900000, 0x0000000082a00000|  0%| F|  |TAMS 0x0000000082900000, 0x0000000082900000| Untracked 
|  42|0x0000000082a00000, 0x0000000082a00000, 0x0000000082b00000|  0%| F|  |TAMS 0x0000000082a00000, 0x0000000082a00000| Untracked 
|  43|0x0000000082b00000, 0x0000000082b00000, 0x0000000082c00000|  0%| F|  |TAMS 0x0000000082b00000, 0x0000000082b00000| Untracked 
|  44|0x0000000082c00000, 0x0000000082c00000, 0x0000000082d00000|  0%| F|  |TAMS 0x0000000082c00000, 0x0000000082c00000| Untracked 
|  45|0x0000000082d00000, 0x0000000082d00000, 0x0000000082e00000|  0%| F|  |TAMS 0x0000000082d00000, 0x0000000082d00000| Untracked 
|  46|0x0000000082e00000, 0x0000000082e00000, 0x0000000082f00000|  0%| F|  |TAMS 0x0000000082e00000, 0x0000000082e00000| Untracked 
|  47|0x0000000082f00000, 0x0000000082f00000, 0x0000000083000000|  0%| F|  |TAMS 0x0000000082f00000, 0x0000000082f00000| Untracked 
|  48|0x0000000083000000, 0x0000000083000000, 0x0000000083100000|  0%| F|  |TAMS 0x0000000083000000, 0x0000000083000000| Untracked 
|  49|0x0000000083100000, 0x0000000083100000, 0x0000000083200000|  0%| F|  |TAMS 0x0000000083100000, 0x0000000083100000| Untracked 
|  50|0x0000000083200000, 0x00000000832c2460, 0x0000000083300000| 75%| E|  |TAMS 0x0000000083200000, 0x0000000083200000| Complete 
|  51|0x0000000083300000, 0x0000000083400000, 0x0000000083400000|100%| E|CS|TAMS 0x0000000083300000, 0x0000000083300000| Complete 
|  52|0x0000000083400000, 0x0000000083500000, 0x0000000083500000|100%| E|CS|TAMS 0x0000000083400000, 0x0000000083400000| Complete 
|  53|0x0000000083500000, 0x0000000083600000, 0x0000000083600000|100%| E|CS|TAMS 0x0000000083500000, 0x0000000083500000| Complete 
|  54|0x0000000083600000, 0x0000000083700000, 0x0000000083700000|100%| E|CS|TAMS 0x0000000083600000, 0x0000000083600000| Complete 
|  55|0x0000000083700000, 0x0000000083800000, 0x0000000083800000|100%| E|CS|TAMS 0x0000000083700000, 0x0000000083700000| Complete 
|  56|0x0000000083800000, 0x0000000083900000, 0x0000000083900000|100%| E|CS|TAMS 0x0000000083800000, 0x0000000083800000| Complete 
|  57|0x0000000083900000, 0x0000000083a00000, 0x0000000083a00000|100%| E|CS|TAMS 0x0000000083900000, 0x0000000083900000| Complete 
|  58|0x0000000083a00000, 0x0000000083b00000, 0x0000000083b00000|100%| E|CS|TAMS 0x0000000083a00000, 0x0000000083a00000| Complete 
|  59|0x0000000083b00000, 0x0000000083c00000, 0x0000000083c00000|100%| E|CS|TAMS 0x0000000083b00000, 0x0000000083b00000| Complete 
|  60|0x0000000083c00000, 0x0000000083d00000, 0x0000000083d00000|100%| E|CS|TAMS 0x0000000083c00000, 0x0000000083c00000| Complete 
|  61|0x0000000083d00000, 0x0000000083e00000, 0x0000000083e00000|100%| E|CS|TAMS 0x0000000083d00000, 0x0000000083d00000| Complete 
|  62|0x0000000083e00000, 0x0000000083f00000, 0x0000000083f00000|100%| E|CS|TAMS 0x0000000083e00000, 0x0000000083e00000| Complete 
|  63|0x0000000083f00000, 0x0000000084000000, 0x0000000084000000|100%| E|CS|TAMS 0x0000000083f00000, 0x0000000083f00000| Complete 
|  64|0x0000000084000000, 0x0000000084100000, 0x0000000084100000|100%| E|CS|TAMS 0x0000000084000000, 0x0000000084000000| Complete 
|  65|0x0000000084100000, 0x0000000084200000, 0x0000000084200000|100%| E|CS|TAMS 0x0000000084100000, 0x0000000084100000| Complete 
|  66|0x0000000084200000, 0x0000000084300000, 0x0000000084300000|100%| E|CS|TAMS 0x0000000084200000, 0x0000000084200000| Complete 
|  67|0x0000000084300000, 0x0000000084400000, 0x0000000084400000|100%| E|CS|TAMS 0x0000000084300000, 0x0000000084300000| Complete 
|  88|0x0000000085800000, 0x0000000085867f70, 0x0000000085900000| 40%| S|CS|TAMS 0x0000000085800000, 0x0000000085800000| Complete 
|  93|0x0000000085d00000, 0x0000000085e00000, 0x0000000085e00000|100%| E|  |TAMS 0x0000000085d00000, 0x0000000085d00000| Complete 

Card table byte_map: [0x0000018644ef0000,0x00000186452f0000] _byte_map_base: 0x0000018644af0000

Marking Bits (Prev, Next): (CMBitMap*) 0x0000018632128610, (CMBitMap*) 0x00000186321285d0
 Prev Bits: [0x00000186476f0000, 0x00000186496f0000)
 Next Bits: [0x00000186456f0000, 0x00000186476f0000)

Polling page: 0x000001862ffe0000

Metaspace:

Usage:
  Non-class:     20.91 MB used.
      Class:      2.92 MB used.
       Both:     23.83 MB used.

Virtual space:
  Non-class space:       64.00 MB reserved,      21.06 MB ( 33%) committed,  1 nodes.
      Class space:        1.00 GB reserved,       3.00 MB ( <1%) committed,  1 nodes.
             Both:        1.06 GB reserved,      24.06 MB (  2%) committed. 

Chunk freelists:
   Non-Class:  10.83 MB
       Class:  12.81 MB
        Both:  23.64 MB

MaxMetaspaceSize: unlimited
CompressedClassSpaceSize: 1.00 GB
Initial GC threshold: 21.00 MB
Current GC threshold: 35.12 MB
CDS: off
MetaspaceReclaimPolicy: balanced
 - commit_granule_bytes: 65536.
 - commit_granule_words: 8192.
 - virtual_space_node_default_size: 8388608.
 - enlarge_chunks_in_place: 1.
 - new_chunks_are_fully_committed: 0.
 - uncommit_free_chunks: 1.
 - use_allocation_guard: 0.
 - handle_deallocations: 1.


Internal statistics:

num_allocs_failed_limit: 3.
num_arena_births: 200.
num_arena_deaths: 0.
num_vsnodes_births: 2.
num_vsnodes_deaths: 0.
num_space_committed: 386.
num_space_uncommitted: 0.
num_chunks_returned_to_freelist: 3.
num_chunks_taken_from_freelist: 705.
num_chunk_merges: 3.
num_chunk_splits: 455.
num_chunks_enlarged: 339.
num_inconsistent_stats: 0.

CodeHeap 'non-profiled nmethods': size=120000Kb used=1001Kb max_used=1001Kb free=118998Kb
 bounds [0x000001863d070000, 0x000001863d2e0000, 0x00000186445a0000]
CodeHeap 'profiled nmethods': size=120000Kb used=4597Kb max_used=4597Kb free=115403Kb
 bounds [0x00000186355a0000, 0x0000018635a20000, 0x000001863cad0000]
CodeHeap 'non-nmethods': size=5760Kb used=1218Kb max_used=1226Kb free=4542Kb
 bounds [0x000001863cad0000, 0x000001863cd40000, 0x000001863d070000]
 total_blobs=2765 nmethods=2238 adapters=440
 compilation: enabled
              stopped_count=0, restarted_count=0
 full_count=0

Compilation events (20 events):
Event: 3.304 Thread 0x000001864c4e8f90 2215       3       java.lang.String::subSequence (7 bytes)
Event: 3.304 Thread 0x000001864c4e8f90 nmethod 2215 0x0000018635a04290 code [0x0000018635a04420, 0x0000018635a04568]
Event: 3.311 Thread 0x000001864c4e8f90 2216       3       org.gradle.internal.service.DefaultServiceRegistry::assertValidServiceType (51 bytes)
Event: 3.311 Thread 0x000001864c4e8f90 nmethod 2216 0x0000018635a04610 code [0x0000018635a04820, 0x0000018635a04d78]
Event: 3.311 Thread 0x000001864c4e8f90 2218   !   3       org.gradle.internal.service.DefaultServiceRegistry$SingletonService::prepare (111 bytes)
Event: 3.312 Thread 0x000001864c4e8f90 nmethod 2218 0x0000018635a04f90 code [0x0000018635a05240, 0x0000018635a05e28]
Event: 3.312 Thread 0x000001864c4e8f90 2219       3       java.lang.invoke.VarHandleGuards::guard_LLL_Z (86 bytes)
Event: 3.314 Thread 0x000001864c4e8f90 nmethod 2219 0x0000018635a06310 code [0x0000018635a06660, 0x0000018635a083e8]
Event: 3.337 Thread 0x000001864c4e8f90 2221       3       com.google.common.base.Preconditions::checkNotNull (14 bytes)
Event: 3.337 Thread 0x000001864c4e8f90 nmethod 2221 0x0000018635a08c90 code [0x0000018635a08e40, 0x0000018635a09028]
Event: 3.337 Thread 0x000001864c4e8f90 2222       3       org.gradle.internal.file.FilePathUtil::sizeOfCommonPrefix (142 bytes)
Event: 3.339 Thread 0x000001864c4e8f90 nmethod 2222 0x0000018635a09110 code [0x0000018635a09560, 0x0000018635a0b798]
Event: 3.339 Thread 0x000001864c4e8f90 2223       3       org.gradle.internal.file.FileHierarchySet$Node::sizeOfCommonPrefix (10 bytes)
Event: 3.339 Thread 0x000001864c4e8f90 nmethod 2223 0x0000018635a0c510 code [0x0000018635a0c6c0, 0x0000018635a0c868]
Event: 3.339 Thread 0x000001864c4e8f90 2224       3       org.gradle.internal.file.FilePathUtil::sizeOfCommonPrefix (10 bytes)
Event: 3.339 Thread 0x000001864c4e8f90 nmethod 2224 0x0000018635a0c990 code [0x0000018635a0cb20, 0x0000018635a0cc48]
Event: 3.342 Thread 0x000001864c4e8f90 2225       3       jdk.internal.misc.Unsafe::putIntUnaligned (79 bytes)
Event: 3.342 Thread 0x000001864c4e8f90 nmethod 2225 0x0000018635a0cd10 code [0x0000018635a0cee0, 0x0000018635a0d298]
Event: 3.344 Thread 0x000001864c4e8f90 2226       3       jdk.internal.misc.Unsafe::putIntUnaligned (14 bytes)
Event: 3.344 Thread 0x000001864c4e8f90 nmethod 2226 0x0000018635a0d390 code [0x0000018635a0d540, 0x0000018635a0d798]

GC Heap History (8 events):
Event: 1.157 GC heap before
{Heap before GC invocations=0 (full 0):
 garbage-first heap   total 96256K, used 26624K [0x0000000080000000, 0x0000000100000000)
  region size 1024K, 23 young (23552K), 0 survivors (0K)
 Metaspace       used 10402K, committed 10560K, reserved 1114112K
  class space    used 1079K, committed 1152K, reserved 1048576K
}
Event: 1.166 GC heap after
{Heap after GC invocations=1 (full 0):
 garbage-first heap   total 96256K, used 10400K [0x0000000080000000, 0x0000000100000000)
  region size 1024K, 3 young (3072K), 3 survivors (3072K)
 Metaspace       used 10402K, committed 10560K, reserved 1114112K
  class space    used 1079K, committed 1152K, reserved 1048576K
}
Event: 1.772 GC heap before
{Heap before GC invocations=1 (full 0):
 garbage-first heap   total 96256K, used 38048K [0x0000000080000000, 0x0000000100000000)
  region size 1024K, 30 young (30720K), 3 survivors (3072K)
 Metaspace       used 11466K, committed 11648K, reserved 1114112K
  class space    used 1198K, committed 1280K, reserved 1048576K
}
Event: 1.778 GC heap after
{Heap after GC invocations=2 (full 0):
 garbage-first heap   total 96256K, used 11740K [0x0000000080000000, 0x0000000100000000)
  region size 1024K, 1 young (1024K), 1 survivors (1024K)
 Metaspace       used 11466K, committed 11648K, reserved 1114112K
  class space    used 1198K, committed 1280K, reserved 1048576K
}
Event: 2.982 GC heap before
{Heap before GC invocations=2 (full 0):
 garbage-first heap   total 96256K, used 57820K [0x0000000080000000, 0x0000000100000000)
  region size 1024K, 46 young (47104K), 1 survivors (1024K)
 Metaspace       used 20341K, committed 20544K, reserved 1114112K
  class space    used 2361K, committed 2496K, reserved 1048576K
}
Event: 2.989 GC heap after
{Heap after GC invocations=3 (full 0):
 garbage-first heap   total 96256K, used 19438K [0x0000000080000000, 0x0000000100000000)
  region size 1024K, 6 young (6144K), 6 survivors (6144K)
 Metaspace       used 20341K, committed 20544K, reserved 1114112K
  class space    used 2361K, committed 2496K, reserved 1048576K
}
Event: 3.063 GC heap before
{Heap before GC invocations=3 (full 0):
 garbage-first heap   total 96256K, used 23534K [0x0000000080000000, 0x0000000100000000)
  region size 1024K, 11 young (11264K), 6 survivors (6144K)
 Metaspace       used 21257K, committed 21504K, reserved 1114112K
  class space    used 2489K, committed 2624K, reserved 1048576K
}
Event: 3.067 GC heap after
{Heap after GC invocations=4 (full 0):
 garbage-first heap   total 96256K, used 19849K [0x0000000080000000, 0x0000000100000000)
  region size 1024K, 1 young (1024K), 1 survivors (1024K)
 Metaspace       used 21257K, committed 21504K, reserved 1114112K
  class space    used 2489K, committed 2624K, reserved 1048576K
}

Dll operation events (3 events):
Event: 0.022 Loaded shared library C:\Program Files\Android\Android Studio\jbr\bin\java.dll
Event: 0.303 Loaded shared library C:\Program Files\Android\Android Studio\jbr\bin\zip.dll
Event: 0.879 Loaded shared library C:\Program Files\Android\Android Studio\jbr\bin\verify.dll

Deoptimization events (20 events):
Event: 3.051 Thread 0x00000186529bec00 Uncommon trap: trap_request=0xffffff45 fr.pc=0x000001863d11374c relative=0x000000000000022c
Event: 3.051 Thread 0x00000186529bec00 Uncommon trap: reason=unstable_if action=reinterpret pc=0x000001863d11374c method=java.util.concurrent.ConcurrentHashMap.get(Ljava/lang/Object;)Ljava/lang/Object; @ 76 c2
Event: 3.051 Thread 0x00000186529bec00 DEOPT PACKING pc=0x000001863d11374c sp=0x000000809c3fb730
Event: 3.051 Thread 0x00000186529bec00 DEOPT UNPACKING pc=0x000001863cb269a3 sp=0x000000809c3fb6a8 mode 2
Event: 3.125 Thread 0x00000186529bec00 Uncommon trap: trap_request=0xffffff45 fr.pc=0x000001863d126138 relative=0x0000000000000198
Event: 3.125 Thread 0x00000186529bec00 Uncommon trap: reason=unstable_if action=reinterpret pc=0x000001863d126138 method=java.util.WeakHashMap.expungeStaleEntries()V @ 9 c2
Event: 3.125 Thread 0x00000186529bec00 DEOPT PACKING pc=0x000001863d126138 sp=0x000000809c3fb020
Event: 3.125 Thread 0x00000186529bec00 DEOPT UNPACKING pc=0x000001863cb269a3 sp=0x000000809c3fafb8 mode 2
Event: 3.294 Thread 0x00000186529bec00 Uncommon trap: trap_request=0xffffff45 fr.pc=0x000001863d08e9b8 relative=0x0000000000000198
Event: 3.294 Thread 0x00000186529bec00 Uncommon trap: reason=unstable_if action=reinterpret pc=0x000001863d08e9b8 method=java.util.regex.Matcher.reset()Ljava/util/regex/Matcher; @ 47 c2
Event: 3.294 Thread 0x00000186529bec00 DEOPT PACKING pc=0x000001863d08e9b8 sp=0x000000809c3fa9a0
Event: 3.294 Thread 0x00000186529bec00 DEOPT UNPACKING pc=0x000001863cb269a3 sp=0x000000809c3fa930 mode 2
Event: 3.342 Thread 0x00000186529bec00 Uncommon trap: trap_request=0xffffff45 fr.pc=0x000001863d090a10 relative=0x0000000000000a90
Event: 3.342 Thread 0x00000186529bec00 Uncommon trap: reason=unstable_if action=reinterpret pc=0x000001863d090a10 method=java.io.WinNTFileSystem.resolve(Ljava/lang/String;Ljava/lang/String;)Ljava/lang/String; @ 19 c2
Event: 3.342 Thread 0x00000186529bec00 DEOPT PACKING pc=0x000001863d090a10 sp=0x000000809c3fb530
Event: 3.342 Thread 0x00000186529bec00 DEOPT UNPACKING pc=0x000001863cb269a3 sp=0x000000809c3fb4d8 mode 2
Event: 3.344 Thread 0x00000186529bec00 Uncommon trap: trap_request=0xffffff45 fr.pc=0x000001863d0e8388 relative=0x00000000000005c8
Event: 3.344 Thread 0x00000186529bec00 Uncommon trap: reason=unstable_if action=reinterpret pc=0x000001863d0e8388 method=java.io.File.getName()Ljava/lang/String; @ 16 c2
Event: 3.344 Thread 0x00000186529bec00 DEOPT PACKING pc=0x000001863d0e8388 sp=0x000000809c3fb4d0
Event: 3.344 Thread 0x00000186529bec00 DEOPT UNPACKING pc=0x000001863cb269a3 sp=0x000000809c3fb4a0 mode 2

Classes unloaded (0 events):
No events

Classes redefined (0 events):
No events

Internal exceptions (20 events):
Event: 2.386 Thread 0x00000186320cb8e0 Exception <a 'java/lang/NoSuchMethodError'{0x0000000083d18550}: 'java.lang.Object java.lang.invoke.DirectMethodHandle$Holder.invokeStaticInit(java.lang.Object, int, int, int, int)'> (0x0000000083d18550) 
thrown [s\src\hotspot\share\interpreter\linkResolver.cpp, line 771]
Event: 2.511 Thread 0x00000186320cb8e0 Exception <a 'java/lang/NoSuchMethodError'{0x0000000083c20cd8}: 'java.lang.Object java.lang.invoke.DirectMethodHandle$Holder.invokeStaticInit(java.lang.Object, java.lang.Object, int, int, int, int)'> (0x0000000083c20cd8) 
thrown [s\src\hotspot\share\interpreter\linkResolver.cpp, line 771]
Event: 2.749 Thread 0x00000186320cb8e0 Exception <a 'java/lang/NoSuchMethodError'{0x0000000083a2bf98}: 'void java.lang.invoke.DirectMethodHandle$Holder.invokeStatic(java.lang.Object, java.lang.Object, java.lang.Object)'> (0x0000000083a2bf98) 
thrown [s\src\hotspot\share\interpreter\linkResolver.cpp, line 771]
Event: 2.775 Thread 0x00000186320cb8e0 Exception <a 'java/io/IOException'{0x0000000083ae7940}> (0x0000000083ae7940) 
thrown [s\src\hotspot\share\prims\jni.cpp, line 531]
Event: 2.947 Thread 0x00000186529bec00 Exception <a 'java/lang/NoSuchMethodError'{0x00000000832d8a60}: 'long java.lang.invoke.DirectMethodHandle$Holder.invokeInterface(java.lang.Object, java.lang.Object)'> (0x00000000832d8a60) 
thrown [s\src\hotspot\share\interpreter\linkResolver.cpp, line 771]
Event: 2.952 Thread 0x00000186529bec00 Exception <a 'java/lang/NoSuchMethodError'{0x0000000083114290}: 'java.lang.Object java.lang.invoke.DirectMethodHandle$Holder.invokeVirtual(java.lang.Object, java.lang.Object, java.lang.Object)'> (0x0000000083114290) 
thrown [s\src\hotspot\share\interpreter\linkResolver.cpp, line 771]
Event: 3.020 Thread 0x00000186529bec00 Exception <a 'java/lang/NoSuchMethodError'{0x0000000085b038b0}: 'void java.lang.invoke.DirectMethodHandle$Holder.invokeStatic(java.lang.Object, java.lang.Object)'> (0x0000000085b038b0) 
thrown [s\src\hotspot\share\interpreter\linkResolver.cpp, line 771]
Event: 3.048 Thread 0x00000186529bec00 Exception <a 'java/lang/NoSuchMethodError'{0x0000000085ab2980}: 'java.lang.Object java.lang.invoke.DirectMethodHandle$Holder.newInvokeSpecial(java.lang.Object, java.lang.Object, java.lang.Object, java.lang.Object, java.lang.Object)'> (0x0000000085ab2980) 
thrown [s\src\hotspot\share\interpreter\linkResolver.cpp, line 771]
Event: 3.090 Thread 0x00000186529bec00 Exception <a 'java/lang/NoSuchMethodError'{0x00000000843af258}: 'void java.lang.invoke.DirectMethodHandle$Holder.invokeSpecial(java.lang.Object, java.lang.Object, java.lang.Object)'> (0x00000000843af258) 
thrown [s\src\hotspot\share\interpreter\linkResolver.cpp, line 771]
Event: 3.105 Thread 0x00000186529bec00 Exception <a 'java/lang/NoSuchMethodError'{0x000000008428aa68}: 'java.lang.Object java.lang.invoke.DirectMethodHandle$Holder.newInvokeSpecial(java.lang.Object, java.lang.Object, java.lang.Object, java.lang.Object, java.lang.Object, java.lang.Object)'> (0x000000008428aa68) 
thrown [s\src\hotspot\share\interpreter\linkResolver.cpp, line 771]
Event: 3.107 Thread 0x00000186529bec00 Exception <a 'java/lang/NoSuchMethodError'{0x00000000842a26a8}: 'void java.lang.invoke.DirectMethodHandle$Holder.invokeSpecial(java.lang.Object, java.lang.Object, java.lang.Object, java.lang.Object, java.lang.Object)'> (0x00000000842a26a8) 
thrown [s\src\hotspot\share\interpreter\linkResolver.cpp, line 771]
Event: 3.108 Thread 0x00000186529bec00 Exception <a 'java/lang/NoSuchMethodError'{0x00000000842b6900}: 'void java.lang.invoke.DirectMethodHandle$Holder.invokeStaticInit(java.lang.Object, java.lang.Object)'> (0x00000000842b6900) 
thrown [s\src\hotspot\share\interpreter\linkResolver.cpp, line 771]
Event: 3.160 Thread 0x00000186529bec00 Exception <a 'java/lang/NoSuchMethodError'{0x0000000083f715b8}: 'void java.lang.invoke.DelegatingMethodHandle$Holder.reinvoke_L(java.lang.Object, java.lang.Object, java.lang.Object, java.lang.Object, java.lang.Object, java.lang.Object, java.lang.Object, java.lang.Object, java.lang.Object, java.lang.Object)'> (0x0000000083f715b8) 
thrown [s\src\hotspot\share\interpreter\linkResolver.cpp, line 771]
Event: 3.160 Thread 0x00000186529bec00 Exception <a 'java/lang/NoSuchMethodError'{0x0000000083f79b68}: 'java.lang.Object java.lang.invoke.DirectMethodHandle$Holder.invokeSpecial(java.lang.Object, java.lang.Object, java.lang.Object, java.lang.Object, java.lang.Object, java.lang.Object, java.lang.Object, java.lang.Object, java.lang.Object, java.lang.Object)'> (0x0000000083f79b68) 
thrown [s\src\hotspot\share\interpreter\linkResolver.cpp, line 771]
Event: 3.161 Thread 0x00000186529bec00 Exception <a 'java/lang/NoSuchMethodError'{0x0000000083f7e438}: 'java.lang.Object java.lang.invoke.Invokers$Holder.invoker(java.lang.Object, java.lang.Object, java.lang.Object, java.lang.Object, java.lang.Object, java.lang.Object, java.lang.Object, java.lang.Object, java.lang.Object, java.lang.Object)'> (0x0000000083f7e438) 
thrown [s\src\hotspot\share\interpreter\linkResolver.cpp, line 771]
Event: 3.161 Thread 0x00000186529bec00 Exception <a 'java/lang/NoSuchMethodError'{0x0000000083f842a8}: 'java.lang.Object java.lang.invoke.DirectMethodHandle$Holder.invokeSpecial(java.lang.Object, java.lang.Object, java.lang.Object, java.lang.Object, java.lang.Object, java.lang.Object, java.lang.Object, java.lang.Object, java.lang.Object, java.lang.Object, java.lang.Object)'> (0x0000000083f842a8) 
thrown [s\src\hotspot\share\interpreter\linkResolver.cpp, line 771]
Event: 3.265 Thread 0x00000186529bec00 Exception <a 'java/lang/NoSuchMethodError'{0x00000000839574d8}: 'void java.lang.invoke.DirectMethodHandle$Holder.invokeStaticInit(java.lang.Object)'> (0x00000000839574d8) 
thrown [s\src\hotspot\share\interpreter\linkResolver.cpp, line 771]
Event: 3.279 Thread 0x00000186529bec00 Exception <a 'java/lang/NoSuchMethodError'{0x000000008380e338}: 'java.lang.Object java.lang.invoke.DirectMethodHandle$Holder.newInvokeSpecial(java.lang.Object, java.lang.Object, java.lang.Object, int)'> (0x000000008380e338) 
thrown [s\src\hotspot\share\interpreter\linkResolver.cpp, line 771]
Event: 3.279 Thread 0x00000186529bec00 Exception <a 'java/lang/NoSuchMethodError'{0x0000000083812c68}: 'java.lang.Object java.lang.invoke.DirectMethodHandle$Holder.invokeSpecial(java.lang.Object, java.lang.Object, java.lang.Object, java.lang.Object, int)'> (0x0000000083812c68) 
thrown [s\src\hotspot\share\interpreter\linkResolver.cpp, line 771]
Event: 3.279 Thread 0x00000186529bec00 Exception <a 'java/lang/NoSuchMethodError'{0x0000000083816d80}: 'java.lang.Object java.lang.invoke.Invokers$Holder.linkToTargetMethod(java.lang.Object, java.lang.Object, int, java.lang.Object)'> (0x0000000083816d80) 
thrown [s\src\hotspot\share\interpreter\linkResolver.cpp, line 771]

VM Operations (20 events):
Event: 2.369 Executing VM operation: HandshakeAllThreads
Event: 2.369 Executing VM operation: HandshakeAllThreads done
Event: 2.469 Executing VM operation: HandshakeAllThreads
Event: 2.469 Executing VM operation: HandshakeAllThreads done
Event: 2.747 Executing VM operation: HandshakeAllThreads
Event: 2.747 Executing VM operation: HandshakeAllThreads done
Event: 2.812 Executing VM operation: HandshakeAllThreads
Event: 2.812 Executing VM operation: HandshakeAllThreads done
Event: 2.812 Executing VM operation: Cleanup
Event: 2.812 Executing VM operation: Cleanup done
Event: 2.982 Executing VM operation: G1CollectForAllocation
Event: 2.989 Executing VM operation: G1CollectForAllocation done
Event: 3.062 Executing VM operation: CollectForMetadataAllocation
Event: 3.067 Executing VM operation: CollectForMetadataAllocation done
Event: 3.074 Executing VM operation: G1PauseRemark
Event: 3.075 Executing VM operation: G1PauseRemark done
Event: 3.079 Executing VM operation: G1PauseCleanup
Event: 3.079 Executing VM operation: G1PauseCleanup done
Event: 3.139 Executing VM operation: HandshakeAllThreads
Event: 3.139 Executing VM operation: HandshakeAllThreads done

Events (20 events):
Event: 3.295 loading class java/lang/Character$CharacterCache done
Event: 3.304 loading class java/lang/management/MemoryType
Event: 3.304 loading class java/lang/management/MemoryType done
Event: 3.305 loading class java/lang/management/MemoryUsage
Event: 3.305 loading class java/lang/management/MemoryUsage done
Event: 3.305 loading class java/util/concurrent/LinkedBlockingDeque$Node
Event: 3.305 loading class java/util/concurrent/LinkedBlockingDeque$Node done
Event: 3.314 Thread 0x00000186529bdcd0 Thread added: 0x00000186529bdcd0
Event: 3.320 loading class sun/security/provider/MD5
Event: 3.320 loading class sun/security/provider/MD5 done
Event: 3.320 loading class sun/security/provider/SHA5$SHA512
Event: 3.320 loading class sun/security/provider/SHA5
Event: 3.320 loading class sun/security/provider/SHA5 done
Event: 3.320 loading class sun/security/provider/SHA5$SHA512 done
Event: 3.322 loading class sun/security/provider/ByteArrayAccess$LE
Event: 3.322 loading class sun/security/provider/ByteArrayAccess$LE done
Event: 3.343 loading class java/io/File$TempDirectory
Event: 3.343 loading class java/io/File$TempDirectory done
Event: 3.347 loading class java/io/PrintWriter
Event: 3.347 loading class java/io/PrintWriter done


Dynamic libraries:
0x00007ff67b6f0000 - 0x00007ff67b6fa000 	C:\Program Files\Android\Android Studio\jbr\bin\java.exe
0x00007ffe9efd0000 - 0x00007ffe9f1e7000 	C:\WINDOWS\SYSTEM32\ntdll.dll
0x00007ffe9e180000 - 0x00007ffe9e244000 	C:\WINDOWS\System32\KERNEL32.DLL
0x00007ffe9c8e0000 - 0x00007ffe9cc97000 	C:\WINDOWS\System32\KERNELBASE.dll
0x00007ffe9c380000 - 0x00007ffe9c491000 	C:\WINDOWS\System32\ucrtbase.dll
0x00007ffe931c0000 - 0x00007ffe931db000 	C:\Program Files\Android\Android Studio\jbr\bin\VCRUNTIME140.dll
0x00007ffe84960000 - 0x00007ffe84977000 	C:\Program Files\Android\Android Studio\jbr\bin\jli.dll
0x00007ffe9d7c0000 - 0x00007ffe9d96f000 	C:\WINDOWS\System32\USER32.dll
0x00007ffe9ccd0000 - 0x00007ffe9ccf6000 	C:\WINDOWS\System32\win32u.dll
0x00007ffe9e3a0000 - 0x00007ffe9e3c9000 	C:\WINDOWS\System32\GDI32.dll
0x00007ffe827a0000 - 0x00007ffe82a33000 	C:\WINDOWS\WinSxS\amd64_microsoft.windows.common-controls_6595b64144ccf1df_6.0.22621.3672_none_2713b9d173822955\COMCTL32.dll
0x00007ffe9c700000 - 0x00007ffe9c818000 	C:\WINDOWS\System32\gdi32full.dll
0x00007ffe9e250000 - 0x00007ffe9e2f7000 	C:\WINDOWS\System32\msvcrt.dll
0x00007ffe9c2e0000 - 0x00007ffe9c37a000 	C:\WINDOWS\System32\msvcp_win.dll
0x00007ffe9cf30000 - 0x00007ffe9cf61000 	C:\WINDOWS\System32\IMM32.DLL
0x00007ffe93f60000 - 0x00007ffe93f6c000 	C:\Program Files\Android\Android Studio\jbr\bin\vcruntime140_1.dll
0x00007ffe6a370000 - 0x00007ffe6a3fd000 	C:\Program Files\Android\Android Studio\jbr\bin\msvcp140.dll
0x00007ffdf8870000 - 0x00007ffdf94f3000 	C:\Program Files\Android\Android Studio\jbr\bin\server\jvm.dll
0x00007ffe9d490000 - 0x00007ffe9d542000 	C:\WINDOWS\System32\ADVAPI32.dll
0x00007ffe9eee0000 - 0x00007ffe9ef88000 	C:\WINDOWS\System32\sechost.dll
0x00007ffe9cca0000 - 0x00007ffe9ccc8000 	C:\WINDOWS\System32\bcrypt.dll
0x00007ffe9eda0000 - 0x00007ffe9eeb4000 	C:\WINDOWS\System32\RPCRT4.dll
0x00007ffe9c000000 - 0x00007ffe9c04d000 	C:\WINDOWS\SYSTEM32\POWRPROF.dll
0x00007ffe97a50000 - 0x00007ffe97a84000 	C:\WINDOWS\SYSTEM32\WINMM.dll
0x00007ffe257f0000 - 0x00007ffe257f9000 	C:\WINDOWS\SYSTEM32\WSOCK32.dll
0x00007ffe91f00000 - 0x00007ffe91f0a000 	C:\WINDOWS\SYSTEM32\VERSION.dll
0x00007ffe9d550000 - 0x00007ffe9d5c1000 	C:\WINDOWS\System32\WS2_32.dll
0x00007ffe9bfe0000 - 0x00007ffe9bff3000 	C:\WINDOWS\SYSTEM32\UMPDC.dll
0x00007ffe9b310000 - 0x00007ffe9b328000 	C:\WINDOWS\SYSTEM32\kernel.appcore.dll
0x00007ffe972e0000 - 0x00007ffe972ea000 	C:\Program Files\Android\Android Studio\jbr\bin\jimage.dll
0x00007ffe99cc0000 - 0x00007ffe99ef2000 	C:\WINDOWS\SYSTEM32\DBGHELP.DLL
0x00007ffe9cf70000 - 0x00007ffe9d2fe000 	C:\WINDOWS\System32\combase.dll
0x00007ffe9d5d0000 - 0x00007ffe9d6a7000 	C:\WINDOWS\System32\OLEAUT32.dll
0x00007ffe93cf0000 - 0x00007ffe93d22000 	C:\WINDOWS\SYSTEM32\dbgcore.DLL
0x00007ffe9c680000 - 0x00007ffe9c6fb000 	C:\WINDOWS\System32\bcryptPrimitives.dll
0x00007ffe8b120000 - 0x00007ffe8b12e000 	C:\Program Files\Android\Android Studio\jbr\bin\instrument.dll
0x00007ffe87ed0000 - 0x00007ffe87ef5000 	C:\Program Files\Android\Android Studio\jbr\bin\java.dll
0x00007ffe8a670000 - 0x00007ffe8a688000 	C:\Program Files\Android\Android Studio\jbr\bin\zip.dll
0x00007ffe9e530000 - 0x00007ffe9ed99000 	C:\WINDOWS\System32\SHELL32.dll
0x00007ffe9a200000 - 0x00007ffe9aaff000 	C:\WINDOWS\SYSTEM32\windows.storage.dll
0x00007ffe9a0c0000 - 0x00007ffe9a1ff000 	C:\WINDOWS\SYSTEM32\wintypes.dll
0x00007ffe9d970000 - 0x00007ffe9da69000 	C:\WINDOWS\System32\SHCORE.dll
0x00007ffe9e3d0000 - 0x00007ffe9e42e000 	C:\WINDOWS\System32\shlwapi.dll
0x00007ffe9c210000 - 0x00007ffe9c237000 	C:\WINDOWS\SYSTEM32\profapi.dll
0x00007ffe87e80000 - 0x00007ffe87e99000 	C:\Program Files\Android\Android Studio\jbr\bin\net.dll
0x00007ffe981b0000 - 0x00007ffe982e6000 	C:\WINDOWS\SYSTEM32\WINHTTP.dll
0x00007ffe9b7a0000 - 0x00007ffe9b809000 	C:\WINDOWS\system32\mswsock.dll
0x00007ffe84980000 - 0x00007ffe84996000 	C:\Program Files\Android\Android Studio\jbr\bin\nio.dll
0x00007ffe8b150000 - 0x00007ffe8b160000 	C:\Program Files\Android\Android Studio\jbr\bin\verify.dll
0x00007ffe87f90000 - 0x00007ffe87fb7000 	C:\Users\LENOVO\.gradle\native\c067742578af261105cb4f569cf0c3c89f3d7b1fecec35dd04571415982c5e48\windows-amd64\native-platform.dll
0x00007ffe33960000 - 0x00007ffe33aa4000 	C:\Users\LENOVO\.gradle\native\38dada09dfb8b06ba9b0570ebf7e218e3eb74d4ef43ca46872605cf95ebc2f47\windows-amd64\native-platform-file-events.dll
0x00007ffe91b50000 - 0x00007ffe91b59000 	C:\Program Files\Android\Android Studio\jbr\bin\management.dll
0x00007ffe8ca00000 - 0x00007ffe8ca0b000 	C:\Program Files\Android\Android Studio\jbr\bin\management_ext.dll
0x00007ffe9d480000 - 0x00007ffe9d488000 	C:\WINDOWS\System32\PSAPI.DLL
0x00007ffe9b9f0000 - 0x00007ffe9ba0b000 	C:\WINDOWS\SYSTEM32\CRYPTSP.dll
0x00007ffe9b270000 - 0x00007ffe9b2a5000 	C:\WINDOWS\system32\rsaenh.dll
0x00007ffe9b890000 - 0x00007ffe9b8b8000 	C:\WINDOWS\SYSTEM32\USERENV.dll
0x00007ffe9ba10000 - 0x00007ffe9ba1c000 	C:\WINDOWS\SYSTEM32\CRYPTBASE.dll
0x00007ffe9ada0000 - 0x00007ffe9adcd000 	C:\WINDOWS\SYSTEM32\IPHLPAPI.DLL
0x00007ffe9e390000 - 0x00007ffe9e399000 	C:\WINDOWS\System32\NSI.dll
0x00007ffe986a0000 - 0x00007ffe986b9000 	C:\WINDOWS\SYSTEM32\dhcpcsvc6.DLL
0x00007ffe97f10000 - 0x00007ffe97f2f000 	C:\WINDOWS\SYSTEM32\dhcpcsvc.DLL
0x00007ffe9add0000 - 0x00007ffe9aed2000 	C:\WINDOWS\SYSTEM32\DNSAPI.dll
0x00007ffe931b0000 - 0x00007ffe931b9000 	C:\Program Files\Android\Android Studio\jbr\bin\extnet.dll
0x00007ffe22bc0000 - 0x00007ffe22bc8000 	C:\WINDOWS\system32\wshunix.dll

dbghelp: loaded successfully - version: 4.0.5 - missing functions: none
symbol engine: initialized successfully - sym options: 0x614 - pdb path: .;C:\Program Files\Android\Android Studio\jbr\bin;C:\WINDOWS\SYSTEM32;C:\WINDOWS\WinSxS\amd64_microsoft.windows.common-controls_6595b64144ccf1df_6.0.22621.3672_none_2713b9d173822955;C:\Program Files\Android\Android Studio\jbr\bin\server;C:\Users\LENOVO\.gradle\native\c067742578af261105cb4f569cf0c3c89f3d7b1fecec35dd04571415982c5e48\windows-amd64;C:\Users\LENOVO\.gradle\native\38dada09dfb8b06ba9b0570ebf7e218e3eb74d4ef43ca46872605cf95ebc2f47\windows-amd64

VM Arguments:
jvm_args: --add-opens=java.base/java.util=ALL-UNNAMED --add-opens=java.base/java.lang=ALL-UNNAMED --add-opens=java.base/java.lang.invoke=ALL-UNNAMED --add-opens=java.prefs/java.util.prefs=ALL-UNNAMED --add-opens=java.base/java.nio.charset=ALL-UNNAMED --add-opens=java.base/java.net=ALL-UNNAMED --add-opens=java.base/java.util.concurrent.atomic=ALL-UNNAMED -Xmx2048m -Dfile.encoding=UTF-8 -Duser.country=ID -Duser.language=en -Duser.variant -javaagent:C:\Users\LENOVO\.gradle\wrapper\dists\gradle-8.7-bin\bhs2wmbdwecv87pi65oeuq5iu\gradle-8.7\lib\agents\gradle-instrumentation-agent-8.7.jar 
java_command: org.gradle.launcher.daemon.bootstrap.GradleDaemon 8.7
java_class_path (initial): C:\Users\LENOVO\.gradle\wrapper\dists\gradle-8.7-bin\bhs2wmbdwecv87pi65oeuq5iu\gradle-8.7\lib\gradle-launcher-8.7.jar
Launcher Type: SUN_STANDARD

[Global flags]
     intx CICompilerCount                          = 4                                         {product} {ergonomic}
     uint ConcGCThreads                            = 3                                         {product} {ergonomic}
     uint G1ConcRefinementThreads                  = 10                                        {product} {ergonomic}
   size_t G1HeapRegionSize                         = 1048576                                   {product} {ergonomic}
    uintx GCDrainStackTargetSize                   = 64                                        {product} {ergonomic}
   size_t InitialHeapSize                          = 98566144                                  {product} {ergonomic}
   size_t MarkStackSize                            = 4194304                                   {product} {ergonomic}
   size_t MaxHeapSize                              = 2147483648                                {product} {command line}
   size_t MaxNewSize                               = 1287651328                                {product} {ergonomic}
   size_t MinHeapDeltaBytes                        = 1048576                                   {product} {ergonomic}
   size_t MinHeapSize                              = 8388608                                   {product} {ergonomic}
    uintx NonNMethodCodeHeapSize                   = 5839372                                {pd product} {ergonomic}
    uintx NonProfiledCodeHeapSize                  = 122909434                              {pd product} {ergonomic}
    uintx ProfiledCodeHeapSize                     = 122909434                              {pd product} {ergonomic}
    uintx ReservedCodeCacheSize                    = 251658240                              {pd product} {ergonomic}
     bool SegmentedCodeCache                       = true                                      {product} {ergonomic}
   size_t SoftMaxHeapSize                          = 2147483648                             {manageable} {ergonomic}
     bool UseCompressedClassPointers               = true                           {product lp64_product} {ergonomic}
     bool UseCompressedOops                        = true                           {product lp64_product} {ergonomic}
     bool UseG1GC                                  = true                                      {product} {ergonomic}
     bool UseLargePagesIndividualAllocation        = false                                  {pd product} {ergonomic}

Logging:
Log output configuration:
 #0: stdout all=warning uptime,level,tags
 #1: stderr all=off uptime,level,tags

Environment Variables:
PATH=C:\ProgramData\Oracle\Java\javapath;C:\WINDOWS\system32;C:\WINDOWS;C:\WINDOWS\System32\Wbem;C:\WINDOWS\System32\WindowsPowerShell\v1.0\;C:\WINDOWS\System32\OpenSSH\;C:\Program Files\dotnet\;C:\Program Files\PuTTY\;C:\Program Files\Docker\Docker\resources\bin;C:\Program Files\Git\cmd;C:\Users\LENOVO\AppData\Local\Microsoft\WindowsApps;C:\Users\LENOVO\AppData\Local\Programs\Microsoft VS Code\bin;C:\Users\LENOVO\AppData\Local\GitHubDesktop\bin;C:\Program Files\Java\jdk-9.0.4\bin\jshell.exe;
USERNAME=LENOVO
OS=Windows_NT
PROCESSOR_IDENTIFIER=AMD64 Family 25 Model 80 Stepping 0, AuthenticAMD
TMP=C:\Users\LENOVO\AppData\Local\Temp
TEMP=C:\Users\LENOVO\AppData\Local\Temp



Periodic native trim disabled

JNI global refs:
JNI global refs: 23, weak refs: 0

JNI global refs memory usage: 843, weak refs: 841

Process memory usage:
Resident Set Size: 151608K (2% of 6133184K total physical memory with 298428K free physical memory)

OOME stack traces (most recent first):
Classloader memory used:
Loader bootstrap                                                                       : 1882K
Loader org.gradle.internal.classloader.VisitableURLClassLoader                         : 1066K
Loader org.gradle.initialization.MixInLegacyTypesClassLoader                           : 71904B
Loader jdk.internal.loader.ClassLoaders$AppClassLoader                                 : 28747B
Loader jdk.internal.loader.ClassLoaders$PlatformClassLoader                            : 14818B
Loader jdk.internal.reflect.DelegatingClassLoader                                      : 1397B

Classes loaded by more than one classloader:
Class org.gradle.internal.installation.GradleInstallation                             : loaded 2 times (x 73B)
Class org.gradle.internal.classpath.ClassPath                                         : loaded 2 times (x 68B)
Class org.gradle.api.internal.classpath.DefaultModuleRegistry                         : loaded 2 times (x 84B)
Class org.gradle.api.Action                                                           : loaded 2 times (x 68B)
Class org.gradle.api.internal.DefaultClassPathProvider                                : loaded 2 times (x 74B)
Class org.gradle.internal.installation.GradleInstallation$1                           : loaded 2 times (x 73B)
Class org.gradle.internal.classloader.FilteringClassLoader                            : loaded 2 times (x 103B)
Class org.gradle.internal.classpath.DefaultClassPath$ImmutableUniqueList$Builder      : loaded 2 times (x 73B)
Class org.gradle.internal.classloader.ClassLoaderVisitor                              : loaded 2 times (x 74B)
Class org.gradle.internal.service.DefaultServiceLocator                               : loaded 2 times (x 81B)
Class org.gradle.internal.service.UnknownServiceException                             : loaded 2 times (x 81B)
Class org.gradle.internal.classloader.DefaultClassLoaderFactory                       : loaded 2 times (x 80B)
Class org.gradle.internal.classloader.VisitableURLClassLoader$Spec                    : loaded 2 times (x 72B)
Class org.gradle.api.GradleException                                                  : loaded 2 times (x 80B)
Class org.gradle.api.internal.classpath.ModuleRegistry                                : loaded 2 times (x 68B)
Class org.gradle.api.internal.ClassPathProvider                                       : loaded 2 times (x 68B)
Class org.gradle.internal.classloader.ClasspathUtil$1                                 : loaded 2 times (x 74B)
Class org.gradle.internal.classloader.ClassLoaderFactory                              : loaded 2 times (x 68B)
Class org.gradle.api.internal.classpath.ManifestUtil                                  : loaded 2 times (x 69B)
Class org.gradle.api.specs.Spec                                                       : loaded 2 times (x 68B)
Class org.gradle.internal.IoActions                                                   : loaded 2 times (x 69B)
Class org.gradle.api.internal.classpath.EffectiveClassPath                            : loaded 2 times (x 88B)
Class org.gradle.internal.installation.CurrentGradleInstallation                      : loaded 2 times (x 71B)
Class org.gradle.internal.agents.InstrumentingClassLoader                             : loaded 2 times (x 68B)
Class org.gradle.internal.installation.CurrentGradleInstallationLocator               : loaded 2 times (x 69B)
Class org.gradle.api.internal.classpath.Module                                        : loaded 2 times (x 68B)
Class org.gradle.internal.service.CachingServiceLocator                               : loaded 2 times (x 80B)
Class org.gradle.internal.classpath.DefaultClassPath                                  : loaded 2 times (x 88B)
Class org.gradle.internal.classloader.SystemClassLoaderSpec                           : loaded 2 times (x 69B)
Class org.gradle.api.UncheckedIOException                                             : loaded 2 times (x 80B)
Class org.gradle.internal.classloader.ClasspathUtil                                   : loaded 2 times (x 69B)
Class org.gradle.api.internal.DefaultClassPathRegistry                                : loaded 2 times (x 74B)
Class org.gradle.api.internal.classpath.DefaultModuleRegistry$DefaultModule           : loaded 2 times (x 84B)
Class org.gradle.api.internal.classpath.UnknownModuleException                        : loaded 2 times (x 80B)
Class org.gradle.internal.service.ServiceLookupException                              : loaded 2 times (x 80B)
Class org.gradle.cache.GlobalCache                                                    : loaded 2 times (x 68B)
Class [Lorg.gradle.api.internal.ClassPathProvider;                                    : loaded 2 times (x 67B)
Class org.gradle.util.internal.GUtil                                                  : loaded 2 times (x 69B)
Class org.gradle.internal.classloader.ClassLoaderSpec                                 : loaded 2 times (x 69B)
Class org.gradle.internal.classloader.VisitableURLClassLoader                         : loaded 2 times (x 115B)
Class org.gradle.internal.Cast                                                        : loaded 2 times (x 69B)
Class org.gradle.api.internal.ClassPathRegistry                                       : loaded 2 times (x 68B)
Class org.gradle.internal.classloader.VisitableURLClassLoader$InstrumentingVisitableURLClassLoader: loaded 2 times (x 121B)
Class org.gradle.internal.classloader.ClassLoaderHierarchy                            : loaded 2 times (x 68B)
Class org.gradle.internal.InternalTransformer                                         : loaded 2 times (x 68B)
Class org.gradle.internal.service.ServiceLocator                                      : loaded 2 times (x 68B)
Class org.gradle.internal.classpath.DefaultClassPath$ImmutableUniqueList              : loaded 2 times (x 159B)
Class org.gradle.internal.classpath.TransformedClassPath                              : loaded 2 times (x 94B)


---------------  S Y S T E M  ---------------

OS:
 Windows 11 , 64 bit Build 22621 (10.0.22621.3958)
OS uptime: 4 days 23:22 hours
Hyper-V role detected

CPU: total 12 (initial active 12) (12 cores per cpu, 2 threads per core) family 25 model 80 stepping 0 microcode 0x0, cx8, cmov, fxsr, ht, mmx, 3dnowpref, sse, sse2, sse3, ssse3, sse4a, sse4.1, sse4.2, popcnt, lzcnt, tsc, tscinvbit, avx, avx2, aes, erms, clmul, bmi1, bmi2, adx, sha, fma, vzeroupper, clflush, clflushopt, hv
Processor Information for processor 0
  Max Mhz: 2301, Current Mhz: 1798, Mhz Limit: 2301
Processor Information for processor 1
  Max Mhz: 2301, Current Mhz: 1798, Mhz Limit: 2301
Processor Information for processor 2
  Max Mhz: 2301, Current Mhz: 1798, Mhz Limit: 2301
Processor Information for processor 3
  Max Mhz: 2301, Current Mhz: 2301, Mhz Limit: 2301
Processor Information for processor 4
  Max Mhz: 2301, Current Mhz: 1798, Mhz Limit: 2301
Processor Information for processor 5
  Max Mhz: 2301, Current Mhz: 1798, Mhz Limit: 2301
Processor Information for processor 6
  Max Mhz: 2301, Current Mhz: 1798, Mhz Limit: 2301
Processor Information for processor 7
  Max Mhz: 2301, Current Mhz: 2301, Mhz Limit: 2301
Processor Information for processor 8
  Max Mhz: 2301, Current Mhz: 2301, Mhz Limit: 2301
Processor Information for processor 9
  Max Mhz: 2301, Current Mhz: 1798, Mhz Limit: 2301
Processor Information for processor 10
  Max Mhz: 2301, Current Mhz: 1798, Mhz Limit: 2301
Processor Information for processor 11
  Max Mhz: 2301, Current Mhz: 2301, Mhz Limit: 2301

Memory: 4k page, system-wide physical 5989M (292M free)
TotalPageFile size 24421M (AvailPageFile size 5M)
current process WorkingSet (physical memory assigned to process): 148M, peak: 150M
current process commit charge ("private bytes"): 214M, peak: 221M

vm_info: OpenJDK 64-Bit Server VM (17.0.11+0--11852314) for windows-amd64 JRE (17.0.11+0--11852314), built on May 16 2024 21:29:20 by "androidbuild" with MS VC++ 16.10 / 16.11 (VS2019)

END.
